This file contains any messages produced by compilers while
running configure, to aid debugging if configure makes a mistake.

It was created by openocd configure 0.9.0, which was
generated by GNU Autoconf 2.69.  Invocation command line was

  $ ./configure --enable-art --enable-ftdi --enable-cmsis-dap

## --------- ##
## Platform. ##
## --------- ##

hostname = jerry-dell-64
uname -m = x86_64
uname -r = 4.15.0-23-generic
uname -s = Linux
uname -v = #25-Ubuntu SMP Wed May 23 18:02:16 UTC 2018

/usr/bin/uname -p = unknown
/bin/uname -X     = unknown

/bin/arch              = unknown
/usr/bin/arch -k       = unknown
/usr/convex/getsysinfo = unknown
/usr/bin/hostinfo      = unknown
/bin/machine           = unknown
/usr/bin/oslevel       = unknown
/bin/universe          = unknown

PATH: /usr/local/sbin
PATH: /usr/local/bin
PATH: /usr/sbin
PATH: /usr/bin
PATH: /sbin
PATH: /bin
PATH: /usr/games
PATH: /usr/local/games
PATH: /snap/bin


## ----------- ##
## Core tests. ##
## ----------- ##

configure:2606: checking for makeinfo
configure:2636: result: no
configure:2643: WARNING: Info documentation will not be built.
configure:2693: checking for a BSD-compatible install
configure:2761: result: /usr/bin/install -c
configure:2772: checking whether build environment is sane
configure:2827: result: yes
configure:2978: checking for a thread-safe mkdir -p
configure:3017: result: /bin/mkdir -p
configure:3024: checking for gawk
configure:3054: result: no
configure:3024: checking for mawk
configure:3040: found /usr/bin/mawk
configure:3051: result: mawk
configure:3062: checking whether make sets $(MAKE)
configure:3084: result: yes
configure:3113: checking whether make supports nested variables
configure:3130: result: yes
configure:3315: checking for gcc
configure:3331: found /usr/bin/gcc
configure:3342: result: gcc
configure:3571: checking for C compiler version
configure:3580: gcc --version >&5
gcc (Ubuntu 7.3.0-16ubuntu3) 7.3.0
Copyright (C) 2017 Free Software Foundation, Inc.
This is free software; see the source for copying conditions.  There is NO
warranty; not even for MERCHANTABILITY or FITNESS FOR A PARTICULAR PURPOSE.

configure:3591: $? = 0
configure:3580: gcc -v >&5
Using built-in specs.
COLLECT_GCC=gcc
COLLECT_LTO_WRAPPER=/usr/lib/gcc/x86_64-linux-gnu/7/lto-wrapper
OFFLOAD_TARGET_NAMES=nvptx-none
OFFLOAD_TARGET_DEFAULT=1
Target: x86_64-linux-gnu
Configured with: ../src/configure -v --with-pkgversion='Ubuntu 7.3.0-16ubuntu3' --with-bugurl=file:///usr/share/doc/gcc-7/README.Bugs --enable-languages=c,ada,c++,go,brig,d,fortran,objc,obj-c++ --prefix=/usr --with-gcc-major-version-only --with-as=/usr/bin/x86_64-linux-gnu-as --with-ld=/usr/bin/x86_64-linux-gnu-ld --program-suffix=-7 --program-prefix=x86_64-linux-gnu- --enable-shared --enable-linker-build-id --libexecdir=/usr/lib --without-included-gettext --enable-threads=posix --libdir=/usr/lib --enable-nls --with-sysroot=/ --enable-clocale=gnu --enable-libstdcxx-debug --enable-libstdcxx-time=yes --with-default-libstdcxx-abi=new --enable-gnu-unique-object --disable-vtable-verify --enable-libmpx --enable-plugin --enable-default-pie --with-system-zlib --with-target-system-zlib --enable-objc-gc=auto --enable-multiarch --disable-werror --with-arch-32=i686 --with-abi=m64 --with-multilib-list=m32,m64,mx32 --enable-multilib --with-tune=generic --enable-offload-targets=nvptx-none --without-cuda-driver --enable-checking=release --build=x86_64-linux-gnu --host=x86_64-linux-gnu --target=x86_64-linux-gnu
Thread model: posix
gcc version 7.3.0 (Ubuntu 7.3.0-16ubuntu3) 
configure:3591: $? = 0
configure:3580: gcc -V >&5
gcc: error: unrecognized command line option '-V'
gcc: fatal error: no input files
compilation terminated.
configure:3591: $? = 1
configure:3580: gcc -qversion >&5
gcc: error: unrecognized command line option '-qversion'; did you mean '--version'?
gcc: fatal error: no input files
compilation terminated.
configure:3591: $? = 1
configure:3611: checking whether the C compiler works
configure:3633: gcc    conftest.c  >&5
configure:3637: $? = 0
configure:3685: result: yes
configure:3688: checking for C compiler default output file name
configure:3690: result: a.out
configure:3696: checking for suffix of executables
configure:3703: gcc -o conftest    conftest.c  >&5
configure:3707: $? = 0
configure:3729: result: 
configure:3751: checking whether we are cross compiling
configure:3759: gcc -o conftest    conftest.c  >&5
configure:3763: $? = 0
configure:3770: ./conftest
configure:3774: $? = 0
configure:3789: result: no
configure:3794: checking for suffix of object files
configure:3816: gcc -c   conftest.c >&5
configure:3820: $? = 0
configure:3841: result: o
configure:3845: checking whether we are using the GNU C compiler
configure:3864: gcc -c   conftest.c >&5
configure:3864: $? = 0
configure:3873: result: yes
configure:3882: checking whether gcc accepts -g
configure:3902: gcc -c -g  conftest.c >&5
configure:3902: $? = 0
configure:3943: result: yes
configure:3960: checking for gcc option to accept ISO C89
configure:4023: gcc  -c -g -O2  conftest.c >&5
configure:4023: $? = 0
configure:4036: result: none needed
configure:4061: checking whether gcc understands -c and -o together
configure:4083: gcc -c conftest.c -o conftest2.o
configure:4086: $? = 0
configure:4083: gcc -c conftest.c -o conftest2.o
configure:4086: $? = 0
configure:4098: result: yes
configure:4126: checking for style of include used by make
configure:4154: result: GNU
configure:4180: checking dependency style of gcc
configure:4291: result: gcc3
configure:4306: checking for gcc option to accept ISO C99
configure:4455: gcc  -c -g -O2  conftest.c >&5
configure:4455: $? = 0
configure:4468: result: none needed
configure:4527: checking for ranlib
configure:4543: found /usr/bin/ranlib
configure:4554: result: ranlib
configure:4630: checking for pkg-config
configure:4648: found /usr/bin/pkg-config
configure:4660: result: /usr/bin/pkg-config
configure:4685: checking pkg-config is at least version 0.23
configure:4688: result: yes
configure:4760: checking build system type
configure:4774: result: x86_64-pc-linux-gnu
configure:4794: checking host system type
configure:4807: result: x86_64-pc-linux-gnu
configure:4848: checking how to print strings
configure:4875: result: printf
configure:4896: checking for a sed that does not truncate output
configure:4960: result: /bin/sed
configure:4978: checking for grep that handles long lines and -e
configure:5036: result: /bin/grep
configure:5041: checking for egrep
configure:5103: result: /bin/grep -E
configure:5108: checking for fgrep
configure:5170: result: /bin/grep -F
configure:5205: checking for ld used by gcc
configure:5272: result: /usr/bin/x86_64-linux-gnu-ld
configure:5279: checking if the linker (/usr/bin/x86_64-linux-gnu-ld) is GNU ld
configure:5294: result: yes
configure:5306: checking for BSD- or MS-compatible name lister (nm)
configure:5360: result: /usr/bin/nm -B
configure:5490: checking the name lister (/usr/bin/nm -B) interface
configure:5497: gcc -c -g -O2  conftest.c >&5
configure:5500: /usr/bin/nm -B "conftest.o"
configure:5503: output
0000000000000000 B some_variable
configure:5510: result: BSD nm
configure:5513: checking whether ln -s works
configure:5517: result: yes
configure:5525: checking the maximum length of command line arguments
configure:5656: result: 1572864
configure:5704: checking how to convert x86_64-pc-linux-gnu file names to x86_64-pc-linux-gnu format
configure:5744: result: func_convert_file_noop
configure:5751: checking how to convert x86_64-pc-linux-gnu file names to toolchain format
configure:5771: result: func_convert_file_noop
configure:5778: checking for /usr/bin/x86_64-linux-gnu-ld option to reload object files
configure:5785: result: -r
configure:5859: checking for objdump
configure:5875: found /usr/bin/objdump
configure:5886: result: objdump
configure:5918: checking how to recognize dependent libraries
configure:6118: result: pass_all
configure:6203: checking for dlltool
configure:6233: result: no
configure:6263: checking how to associate runtime and link libraries
configure:6290: result: printf %s\n
configure:6351: checking for ar
configure:6367: found /usr/bin/ar
configure:6378: result: ar
configure:6415: checking for archiver @FILE support
configure:6432: gcc -c -g -O2  conftest.c >&5
configure:6432: $? = 0
configure:6435: ar cru libconftest.a @conftest.lst >&5
ar: `u' modifier ignored since `D' is the default (see `U')
configure:6438: $? = 0
configure:6443: ar cru libconftest.a @conftest.lst >&5
ar: `u' modifier ignored since `D' is the default (see `U')
ar: conftest.o: No such file or directory
configure:6446: $? = 1
configure:6458: result: @
configure:6516: checking for strip
configure:6532: found /usr/bin/strip
configure:6543: result: strip
configure:6615: checking for ranlib
configure:6642: result: ranlib
configure:6744: checking command to parse /usr/bin/nm -B output from gcc object
configure:6897: gcc -c -g -O2  conftest.c >&5
configure:6900: $? = 0
configure:6904: /usr/bin/nm -B conftest.o \| sed -n -e 's/^.*[ ]\([ABCDGIRSTW][ABCDGIRSTW]*\)[ ][ ]*\([_A-Za-z][_A-Za-z0-9]*\)$/\1 \2 \2/p' | sed '/ __gnu_lto/d' \> conftest.nm
configure:6907: $? = 0
configure:6973: gcc -o conftest -g -O2   conftest.c conftstm.o >&5
configure:6976: $? = 0
configure:7014: result: ok
configure:7061: checking for sysroot
configure:7091: result: no
configure:7098: checking for a working dd
configure:7136: result: /bin/dd
configure:7140: checking how to truncate binary pipes
configure:7155: result: /bin/dd bs=4096 count=1
configure:7291: gcc -c -g -O2  conftest.c >&5
configure:7294: $? = 0
configure:7484: checking for mt
configure:7500: found /bin/mt
configure:7511: result: mt
configure:7534: checking if mt is a manifest tool
configure:7540: mt '-?'
configure:7548: result: no
configure:8225: checking how to run the C preprocessor
configure:8256: gcc -E  conftest.c
configure:8256: $? = 0
configure:8270: gcc -E  conftest.c
conftest.c:11:10: fatal error: ac_nonexistent.h: No such file or directory
 #include <ac_nonexistent.h>
          ^~~~~~~~~~~~~~~~~~
compilation terminated.
configure:8270: $? = 1
configure: failed program was:
| /* confdefs.h */
| #define PACKAGE_NAME "openocd"
| #define PACKAGE_TARNAME "openocd"
| #define PACKAGE_VERSION "0.9.0"
| #define PACKAGE_STRING "openocd 0.9.0"
| #define PACKAGE_BUGREPORT "OpenOCD Mailing List <openocd-devel@lists.sourceforge.net>"
| #define PACKAGE_URL ""
| #define PACKAGE "openocd"
| #define VERSION "0.9.0"
| /* end confdefs.h.  */
| #include <ac_nonexistent.h>
configure:8295: result: gcc -E
configure:8315: gcc -E  conftest.c
configure:8315: $? = 0
configure:8329: gcc -E  conftest.c
conftest.c:11:10: fatal error: ac_nonexistent.h: No such file or directory
 #include <ac_nonexistent.h>
          ^~~~~~~~~~~~~~~~~~
compilation terminated.
configure:8329: $? = 1
configure: failed program was:
| /* confdefs.h */
| #define PACKAGE_NAME "openocd"
| #define PACKAGE_TARNAME "openocd"
| #define PACKAGE_VERSION "0.9.0"
| #define PACKAGE_STRING "openocd 0.9.0"
| #define PACKAGE_BUGREPORT "OpenOCD Mailing List <openocd-devel@lists.sourceforge.net>"
| #define PACKAGE_URL ""
| #define PACKAGE "openocd"
| #define VERSION "0.9.0"
| /* end confdefs.h.  */
| #include <ac_nonexistent.h>
configure:8358: checking for ANSI C header files
configure:8378: gcc -c -g -O2  conftest.c >&5
configure:8378: $? = 0
configure:8451: gcc -o conftest -g -O2   conftest.c  >&5
configure:8451: $? = 0
configure:8451: ./conftest
configure:8451: $? = 0
configure:8462: result: yes
configure:8475: checking for sys/types.h
configure:8475: gcc -c -g -O2  conftest.c >&5
configure:8475: $? = 0
configure:8475: result: yes
configure:8475: checking for sys/stat.h
configure:8475: gcc -c -g -O2  conftest.c >&5
configure:8475: $? = 0
configure:8475: result: yes
configure:8475: checking for stdlib.h
configure:8475: gcc -c -g -O2  conftest.c >&5
configure:8475: $? = 0
configure:8475: result: yes
configure:8475: checking for string.h
configure:8475: gcc -c -g -O2  conftest.c >&5
configure:8475: $? = 0
configure:8475: result: yes
configure:8475: checking for memory.h
configure:8475: gcc -c -g -O2  conftest.c >&5
configure:8475: $? = 0
configure:8475: result: yes
configure:8475: checking for strings.h
configure:8475: gcc -c -g -O2  conftest.c >&5
configure:8475: $? = 0
configure:8475: result: yes
configure:8475: checking for inttypes.h
configure:8475: gcc -c -g -O2  conftest.c >&5
configure:8475: $? = 0
configure:8475: result: yes
configure:8475: checking for stdint.h
configure:8475: gcc -c -g -O2  conftest.c >&5
configure:8475: $? = 0
configure:8475: result: yes
configure:8475: checking for unistd.h
configure:8475: gcc -c -g -O2  conftest.c >&5
configure:8475: $? = 0
configure:8475: result: yes
configure:8489: checking for dlfcn.h
configure:8489: gcc -c -g -O2  conftest.c >&5
configure:8489: $? = 0
configure:8489: result: yes
configure:8715: checking for objdir
configure:8730: result: .libs
configure:8990: checking if gcc supports -fno-rtti -fno-exceptions
configure:9008: gcc -c -g -O2  -fno-rtti -fno-exceptions conftest.c >&5
cc1: warning: command line option '-fno-rtti' is valid for C++/ObjC++ but not for C
configure:9012: $? = 0
configure:9025: result: no
configure:9383: checking for gcc option to produce PIC
configure:9390: result: -fPIC -DPIC
configure:9398: checking if gcc PIC flag -fPIC -DPIC works
configure:9416: gcc -c -g -O2  -fPIC -DPIC -DPIC conftest.c >&5
configure:9420: $? = 0
configure:9433: result: yes
configure:9462: checking if gcc static flag -static works
configure:9490: result: yes
configure:9505: checking if gcc supports -c -o file.o
configure:9526: gcc -c -g -O2  -o out/conftest2.o conftest.c >&5
configure:9530: $? = 0
configure:9552: result: yes
configure:9560: checking if gcc supports -c -o file.o
configure:9607: result: yes
configure:9640: checking whether the gcc linker (/usr/bin/x86_64-linux-gnu-ld -m elf_x86_64) supports shared libraries
configure:10903: result: yes
configure:11143: checking dynamic linker characteristics
configure:11724: gcc -o conftest -g -O2   -Wl,-rpath -Wl,/foo conftest.c  >&5
configure:11724: $? = 0
configure:11973: result: GNU/Linux ld.so
configure:12095: checking how to hardcode library paths into programs
configure:12120: result: immediate
configure:12668: checking whether stripping libraries is possible
configure:12673: result: yes
configure:12708: checking if libtool supports shared libraries
configure:12710: result: yes
configure:12713: checking whether to build shared libraries
configure:12738: result: no
configure:12741: checking whether to build static libraries
configure:12745: result: yes
configure:12785: checking for an ANSI C-conforming const
configure:12851: gcc -c -g -O2  conftest.c >&5
configure:12851: $? = 0
configure:12858: result: yes
configure:12867: checking for unsigned long long int
configure:12915: result: yes
configure:12925: checking for long long int
configure:12975: result: yes
configure:12984: checking for library containing ioperm
configure:13015: gcc -o conftest -g -O2   conftest.c  >&5
configure:13015: $? = 0
configure:13032: result: none required
configure:13040: checking for library containing dlopen
configure:13071: gcc -o conftest -g -O2   conftest.c  >&5
/tmp/ccJq2vyu.o: In function `main':
/home/trekker/openocd/openocd-0.9.0_maxim_update/conftest.c:36: undefined reference to `dlopen'
collect2: error: ld returned 1 exit status
configure:13071: $? = 1
configure: failed program was:
| /* confdefs.h */
| #define PACKAGE_NAME "openocd"
| #define PACKAGE_TARNAME "openocd"
| #define PACKAGE_VERSION "0.9.0"
| #define PACKAGE_STRING "openocd 0.9.0"
| #define PACKAGE_BUGREPORT "OpenOCD Mailing List <openocd-devel@lists.sourceforge.net>"
| #define PACKAGE_URL ""
| #define PACKAGE "openocd"
| #define VERSION "0.9.0"
| #define STDC_HEADERS 1
| #define HAVE_SYS_TYPES_H 1
| #define HAVE_SYS_STAT_H 1
| #define HAVE_STDLIB_H 1
| #define HAVE_STRING_H 1
| #define HAVE_MEMORY_H 1
| #define HAVE_STRINGS_H 1
| #define HAVE_INTTYPES_H 1
| #define HAVE_STDINT_H 1
| #define HAVE_UNISTD_H 1
| #define HAVE_DLFCN_H 1
| #define LT_OBJDIR ".libs/"
| #define HAVE_UNSIGNED_LONG_LONG_INT 1
| #define HAVE_LONG_LONG_INT 1
| /* end confdefs.h.  */
| 
| /* Override any GCC internal prototype to avoid an error.
|    Use char because int might match the return type of a GCC
|    builtin and then its argument prototype would still apply.  */
| #ifdef __cplusplus
| extern "C"
| #endif
| char dlopen ();
| int
| main ()
| {
| return dlopen ();
|   ;
|   return 0;
| }
configure:13071: gcc -o conftest -g -O2   conftest.c -ldl   >&5
configure:13071: $? = 0
configure:13088: result: -ldl
configure:13099: checking sys/socket.h usability
configure:13099: gcc -c -g -O2  conftest.c >&5
configure:13099: $? = 0
configure:13099: result: yes
configure:13099: checking sys/socket.h presence
configure:13099: gcc -E  conftest.c
configure:13099: $? = 0
configure:13099: result: yes
configure:13099: checking for sys/socket.h
configure:13099: result: yes
configure:13111: checking for arpa/inet.h
configure:13111: gcc -c -g -O2  conftest.c >&5
configure:13111: $? = 0
configure:13111: result: yes
configure:13136: checking elf.h usability
configure:13136: gcc -c -g -O2  conftest.c >&5
configure:13136: $? = 0
configure:13136: result: yes
configure:13136: checking elf.h presence
configure:13136: gcc -E  conftest.c
configure:13136: $? = 0
configure:13136: result: yes
configure:13136: checking for elf.h
configure:13136: result: yes
configure:13148: checking dirent.h usability
configure:13148: gcc -c -g -O2  conftest.c >&5
configure:13148: $? = 0
configure:13148: result: yes
configure:13148: checking dirent.h presence
configure:13148: gcc -E  conftest.c
configure:13148: $? = 0
configure:13148: result: yes
configure:13148: checking for dirent.h
configure:13148: result: yes
configure:13160: checking fcntl.h usability
configure:13160: gcc -c -g -O2  conftest.c >&5
configure:13160: $? = 0
configure:13160: result: yes
configure:13160: checking fcntl.h presence
configure:13160: gcc -E  conftest.c
configure:13160: $? = 0
configure:13160: result: yes
configure:13160: checking for fcntl.h
configure:13160: result: yes
configure:13172: checking for ifaddrs.h
configure:13172: gcc -c -g -O2  conftest.c >&5
configure:13172: $? = 0
configure:13172: result: yes
configure:13197: checking malloc.h usability
configure:13197: gcc -c -g -O2  conftest.c >&5
configure:13197: $? = 0
configure:13197: result: yes
configure:13197: checking malloc.h presence
configure:13197: gcc -E  conftest.c
configure:13197: $? = 0
configure:13197: result: yes
configure:13197: checking for malloc.h
configure:13197: result: yes
configure:13209: checking netdb.h usability
configure:13209: gcc -c -g -O2  conftest.c >&5
configure:13209: $? = 0
configure:13209: result: yes
configure:13209: checking netdb.h presence
configure:13209: gcc -E  conftest.c
configure:13209: $? = 0
configure:13209: result: yes
configure:13209: checking for netdb.h
configure:13209: result: yes
configure:13221: checking for netinet/in.h
configure:13221: gcc -c -g -O2  conftest.c >&5
configure:13221: $? = 0
configure:13221: result: yes
configure:13246: checking for netinet/tcp.h
configure:13246: gcc -c -g -O2  conftest.c >&5
configure:13246: $? = 0
configure:13246: result: yes
configure:13271: checking pthread.h usability
configure:13271: gcc -c -g -O2  conftest.c >&5
configure:13271: $? = 0
configure:13271: result: yes
configure:13271: checking pthread.h presence
configure:13271: gcc -E  conftest.c
configure:13271: $? = 0
configure:13271: result: yes
configure:13271: checking for pthread.h
configure:13271: result: yes
configure:13283: checking for strings.h
configure:13283: result: yes
configure:13295: checking sys/ioctl.h usability
configure:13295: gcc -c -g -O2  conftest.c >&5
configure:13295: $? = 0
configure:13295: result: yes
configure:13295: checking sys/ioctl.h presence
configure:13295: gcc -E  conftest.c
configure:13295: $? = 0
configure:13295: result: yes
configure:13295: checking for sys/ioctl.h
configure:13295: result: yes
configure:13307: checking sys/param.h usability
configure:13307: gcc -c -g -O2  conftest.c >&5
configure:13307: $? = 0
configure:13307: result: yes
configure:13307: checking sys/param.h presence
configure:13307: gcc -E  conftest.c
configure:13307: $? = 0
configure:13307: result: yes
configure:13307: checking for sys/param.h
configure:13307: result: yes
configure:13319: checking sys/poll.h usability
configure:13319: gcc -c -g -O2  conftest.c >&5
configure:13319: $? = 0
configure:13319: result: yes
configure:13319: checking sys/poll.h presence
configure:13319: gcc -E  conftest.c
configure:13319: $? = 0
configure:13319: result: yes
configure:13319: checking for sys/poll.h
configure:13319: result: yes
configure:13331: checking sys/select.h usability
configure:13331: gcc -c -g -O2  conftest.c >&5
configure:13331: $? = 0
configure:13331: result: yes
configure:13331: checking sys/select.h presence
configure:13331: gcc -E  conftest.c
configure:13331: $? = 0
configure:13331: result: yes
configure:13331: checking for sys/select.h
configure:13331: result: yes
configure:13343: checking for sys/stat.h
configure:13343: result: yes
configure:13355: checking sys/time.h usability
configure:13355: gcc -c -g -O2  conftest.c >&5
configure:13355: $? = 0
configure:13355: result: yes
configure:13355: checking sys/time.h presence
configure:13355: gcc -E  conftest.c
configure:13355: $? = 0
configure:13355: result: yes
configure:13355: checking for sys/time.h
configure:13355: result: yes
configure:13367: checking for sys/types.h
configure:13367: result: yes
configure:13379: checking for unistd.h
configure:13379: result: yes
configure:13391: checking for net/if.h
configure:13391: gcc -c -g -O2  conftest.c >&5
configure:13391: $? = 0
configure:13391: result: yes
configure:13416: checking whether to enable assertions
configure:13434: result: yes
configure:13437: checking for stdbool.h that conforms to C99
configure:13504: gcc -c -g -O2  conftest.c >&5
configure:13504: $? = 0
configure:13511: result: yes
configure:13513: checking for _Bool
configure:13513: gcc -c -g -O2  conftest.c >&5
configure:13513: $? = 0
configure:13513: gcc -c -g -O2  conftest.c >&5
conftest.c: In function 'main':
conftest.c:82:20: error: expected expression before ')' token
 if (sizeof ((_Bool)))
                    ^
configure:13513: $? = 1
configure: failed program was:
| /* confdefs.h */
| #define PACKAGE_NAME "openocd"
| #define PACKAGE_TARNAME "openocd"
| #define PACKAGE_VERSION "0.9.0"
| #define PACKAGE_STRING "openocd 0.9.0"
| #define PACKAGE_BUGREPORT "OpenOCD Mailing List <openocd-devel@lists.sourceforge.net>"
| #define PACKAGE_URL ""
| #define PACKAGE "openocd"
| #define VERSION "0.9.0"
| #define STDC_HEADERS 1
| #define HAVE_SYS_TYPES_H 1
| #define HAVE_SYS_STAT_H 1
| #define HAVE_STDLIB_H 1
| #define HAVE_STRING_H 1
| #define HAVE_MEMORY_H 1
| #define HAVE_STRINGS_H 1
| #define HAVE_INTTYPES_H 1
| #define HAVE_STDINT_H 1
| #define HAVE_UNISTD_H 1
| #define HAVE_DLFCN_H 1
| #define LT_OBJDIR ".libs/"
| #define HAVE_UNSIGNED_LONG_LONG_INT 1
| #define HAVE_LONG_LONG_INT 1
| #define HAVE_SYS_SOCKET_H 1
| #define HAVE_ARPA_INET_H 1
| #define HAVE_ELF_H 1
| #define HAVE_DIRENT_H 1
| #define HAVE_FCNTL_H 1
| #define HAVE_IFADDRS_H 1
| #define HAVE_MALLOC_H 1
| #define HAVE_NETDB_H 1
| #define HAVE_NETINET_IN_H 1
| #define HAVE_NETINET_TCP_H 1
| #define HAVE_PTHREAD_H 1
| #define HAVE_STRINGS_H 1
| #define HAVE_SYS_IOCTL_H 1
| #define HAVE_SYS_PARAM_H 1
| #define HAVE_SYS_POLL_H 1
| #define HAVE_SYS_SELECT_H 1
| #define HAVE_SYS_STAT_H 1
| #define HAVE_SYS_TIME_H 1
| #define HAVE_SYS_TYPES_H 1
| #define HAVE_UNISTD_H 1
| #define HAVE_NET_IF_H 1
| /* end confdefs.h.  */
| #include <stdio.h>
| #ifdef HAVE_SYS_TYPES_H
| # include <sys/types.h>
| #endif
| #ifdef HAVE_SYS_STAT_H
| # include <sys/stat.h>
| #endif
| #ifdef STDC_HEADERS
| # include <stdlib.h>
| # include <stddef.h>
| #else
| # ifdef HAVE_STDLIB_H
| #  include <stdlib.h>
| # endif
| #endif
| #ifdef HAVE_STRING_H
| # if !defined STDC_HEADERS && defined HAVE_MEMORY_H
| #  include <memory.h>
| # endif
| # include <string.h>
| #endif
| #ifdef HAVE_STRINGS_H
| # include <strings.h>
| #endif
| #ifdef HAVE_INTTYPES_H
| # include <inttypes.h>
| #endif
| #ifdef HAVE_STDINT_H
| # include <stdint.h>
| #endif
| #ifdef HAVE_UNISTD_H
| # include <unistd.h>
| #endif
| int
| main ()
| {
| if (sizeof ((_Bool)))
| 	    return 0;
|   ;
|   return 0;
| }
configure:13513: result: yes
configure:13530: checking whether time.h and sys/time.h may both be included
configure:13550: gcc -c -g -O2  conftest.c >&5
configure:13550: $? = 0
configure:13557: result: yes
configure:13566: checking whether byte ordering is bigendian
configure:13581: gcc -c -g -O2  conftest.c >&5
conftest.c:50:9: error: unknown type name 'not'
         not a universal capable compiler
         ^~~
conftest.c:50:15: error: expected '=', ',', ';', 'asm' or '__attribute__' before 'universal'
         not a universal capable compiler
               ^~~~~~~~~
conftest.c:50:15: error: unknown type name 'universal'
configure:13581: $? = 1
configure: failed program was:
| /* confdefs.h */
| #define PACKAGE_NAME "openocd"
| #define PACKAGE_TARNAME "openocd"
| #define PACKAGE_VERSION "0.9.0"
| #define PACKAGE_STRING "openocd 0.9.0"
| #define PACKAGE_BUGREPORT "OpenOCD Mailing List <openocd-devel@lists.sourceforge.net>"
| #define PACKAGE_URL ""
| #define PACKAGE "openocd"
| #define VERSION "0.9.0"
| #define STDC_HEADERS 1
| #define HAVE_SYS_TYPES_H 1
| #define HAVE_SYS_STAT_H 1
| #define HAVE_STDLIB_H 1
| #define HAVE_STRING_H 1
| #define HAVE_MEMORY_H 1
| #define HAVE_STRINGS_H 1
| #define HAVE_INTTYPES_H 1
| #define HAVE_STDINT_H 1
| #define HAVE_UNISTD_H 1
| #define HAVE_DLFCN_H 1
| #define LT_OBJDIR ".libs/"
| #define HAVE_UNSIGNED_LONG_LONG_INT 1
| #define HAVE_LONG_LONG_INT 1
| #define HAVE_SYS_SOCKET_H 1
| #define HAVE_ARPA_INET_H 1
| #define HAVE_ELF_H 1
| #define HAVE_DIRENT_H 1
| #define HAVE_FCNTL_H 1
| #define HAVE_IFADDRS_H 1
| #define HAVE_MALLOC_H 1
| #define HAVE_NETDB_H 1
| #define HAVE_NETINET_IN_H 1
| #define HAVE_NETINET_TCP_H 1
| #define HAVE_PTHREAD_H 1
| #define HAVE_STRINGS_H 1
| #define HAVE_SYS_IOCTL_H 1
| #define HAVE_SYS_PARAM_H 1
| #define HAVE_SYS_POLL_H 1
| #define HAVE_SYS_SELECT_H 1
| #define HAVE_SYS_STAT_H 1
| #define HAVE_SYS_TIME_H 1
| #define HAVE_SYS_TYPES_H 1
| #define HAVE_UNISTD_H 1
| #define HAVE_NET_IF_H 1
| #define HAVE__BOOL 1
| #define HAVE_STDBOOL_H 1
| #define TIME_WITH_SYS_TIME 1
| /* end confdefs.h.  */
| #ifndef __APPLE_CC__
| 	       not a universal capable compiler
| 	     #endif
| 	     typedef int dummy;
| 
configure:13626: gcc -c -g -O2  conftest.c >&5
configure:13626: $? = 0
configure:13644: gcc -c -g -O2  conftest.c >&5
conftest.c: In function 'main':
conftest.c:56:4: error: unknown type name 'not'; did you mean 'ino_t'?
    not big endian
    ^~~
    ino_t
conftest.c:56:12: error: expected '=', ',', ';', 'asm' or '__attribute__' before 'endian'
    not big endian
            ^~~~~~
configure:13644: $? = 1
configure: failed program was:
| /* confdefs.h */
| #define PACKAGE_NAME "openocd"
| #define PACKAGE_TARNAME "openocd"
| #define PACKAGE_VERSION "0.9.0"
| #define PACKAGE_STRING "openocd 0.9.0"
| #define PACKAGE_BUGREPORT "OpenOCD Mailing List <openocd-devel@lists.sourceforge.net>"
| #define PACKAGE_URL ""
| #define PACKAGE "openocd"
| #define VERSION "0.9.0"
| #define STDC_HEADERS 1
| #define HAVE_SYS_TYPES_H 1
| #define HAVE_SYS_STAT_H 1
| #define HAVE_STDLIB_H 1
| #define HAVE_STRING_H 1
| #define HAVE_MEMORY_H 1
| #define HAVE_STRINGS_H 1
| #define HAVE_INTTYPES_H 1
| #define HAVE_STDINT_H 1
| #define HAVE_UNISTD_H 1
| #define HAVE_DLFCN_H 1
| #define LT_OBJDIR ".libs/"
| #define HAVE_UNSIGNED_LONG_LONG_INT 1
| #define HAVE_LONG_LONG_INT 1
| #define HAVE_SYS_SOCKET_H 1
| #define HAVE_ARPA_INET_H 1
| #define HAVE_ELF_H 1
| #define HAVE_DIRENT_H 1
| #define HAVE_FCNTL_H 1
| #define HAVE_IFADDRS_H 1
| #define HAVE_MALLOC_H 1
| #define HAVE_NETDB_H 1
| #define HAVE_NETINET_IN_H 1
| #define HAVE_NETINET_TCP_H 1
| #define HAVE_PTHREAD_H 1
| #define HAVE_STRINGS_H 1
| #define HAVE_SYS_IOCTL_H 1
| #define HAVE_SYS_PARAM_H 1
| #define HAVE_SYS_POLL_H 1
| #define HAVE_SYS_SELECT_H 1
| #define HAVE_SYS_STAT_H 1
| #define HAVE_SYS_TIME_H 1
| #define HAVE_SYS_TYPES_H 1
| #define HAVE_UNISTD_H 1
| #define HAVE_NET_IF_H 1
| #define HAVE__BOOL 1
| #define HAVE_STDBOOL_H 1
| #define TIME_WITH_SYS_TIME 1
| /* end confdefs.h.  */
| #include <sys/types.h>
| 		#include <sys/param.h>
| 
| int
| main ()
| {
| #if BYTE_ORDER != BIG_ENDIAN
| 		 not big endian
| 		#endif
| 
|   ;
|   return 0;
| }
configure:13772: result: no
configure:13793: checking for strndup
configure:13793: gcc -o conftest -g -O2   conftest.c -ldl  >&5
conftest.c:72:6: warning: conflicting types for built-in function 'strndup' [-Wbuiltin-declaration-mismatch]
 char strndup ();
      ^~~~~~~
configure:13793: $? = 0
configure:13793: result: yes
configure:13804: checking for strnlen
configure:13804: gcc -o conftest -g -O2   conftest.c -ldl  >&5
configure:13804: $? = 0
configure:13804: result: yes
configure:13815: checking for gettimeofday
configure:13815: gcc -o conftest -g -O2   conftest.c -ldl  >&5
configure:13815: $? = 0
configure:13815: result: yes
configure:13826: checking for usleep
configure:13826: gcc -o conftest -g -O2   conftest.c -ldl  >&5
configure:13826: $? = 0
configure:13826: result: yes
configure:13837: checking for vasprintf
configure:13837: gcc -o conftest -g -O2   conftest.c -ldl  >&5
configure:13837: $? = 0
configure:13837: result: yes
configure:13855: checking whether to build a release
configure:13862: result: yes
configure:14000: checking whether to build Doxygen as HTML
configure:14002: result: yes
configure:14013: checking whether to build Doxygen as PDF
configure:14015: result: no
configure:14075: checking whether to enable verbose JTAG I/O messages
configure:14077: result: no
configure:14085: checking whether to enable verbose USB I/O messages
configure:14087: result: no
configure:14095: checking whether to enable verbose USB communication messages
configure:14097: result: no
configure:14112: checking whether to enable malloc free space logging
configure:14114: result: no
configure:14473: checking whether to enable ZY1000 minidriver
configure:14484: result: no
configure:14495: checking whether to enable dummy minidriver
configure:14509: result: no
configure:14512: checking whether standard drivers can be built
configure:14521: result: yes
configure:15688: checking for LIBUSB1
configure:15695: $PKG_CONFIG --exists --print-errors "libusb-1.0"
configure:15698: $? = 0
configure:15712: $PKG_CONFIG --exists --print-errors "libusb-1.0"
configure:15715: $? = 0
configure:15761: result: yes
configure:15769: $PKG_CONFIG --exists --print-errors "libusb-1.0 >= 1.0.9"
configure:15772: $? = 0
configure:15782: libusb-1.0 header bug workaround: LIBUSB1_CFLAGS changed to "-isystem /usr/include/libusb-1.0"
configure:15789: checking for LIBUSB0
configure:15796: $PKG_CONFIG --exists --print-errors "libusb"
Package libusb was not found in the pkg-config search path.
Perhaps you should add the directory containing `libusb.pc'
to the PKG_CONFIG_PATH environment variable
No package 'libusb' found
configure:15799: $? = 1
configure:15813: $PKG_CONFIG --exists --print-errors "libusb"
Package libusb was not found in the pkg-config search path.
Perhaps you should add the directory containing `libusb.pc'
to the PKG_CONFIG_PATH environment variable
No package 'libusb' found
configure:15816: $? = 1
configure:15830: result: no
No package 'libusb' found
configure:15862: checking for HIDAPI
configure:15869: $PKG_CONFIG --exists --print-errors "$hidapi_lib"
Package hidapi was not found in the pkg-config search path.
Perhaps you should add the directory containing `hidapi.pc'
to the PKG_CONFIG_PATH environment variable
No package 'hidapi' found
configure:15872: $? = 1
configure:15886: $PKG_CONFIG --exists --print-errors "$hidapi_lib"
Package hidapi was not found in the pkg-config search path.
Perhaps you should add the directory containing `hidapi.pc'
to the PKG_CONFIG_PATH environment variable
No package 'hidapi' found
configure:15889: $? = 1
configure:15903: result: no
No package 'hidapi' found
configure:15862: checking for HIDAPI
configure:15869: $PKG_CONFIG --exists --print-errors "$hidapi_lib"
configure:15872: $? = 0
configure:15886: $PKG_CONFIG --exists --print-errors "$hidapi_lib"
configure:15889: $? = 0
configure:15931: result: yes
configure:16631: checking for environ in unistd.h and stdlib.h
configure:16649: gcc -c -g -O2  conftest.c >&5
configure:16649: $? = 0
configure:16651: result: yes
configure:16836: checking that generated files are newer than configure
configure:16842: result: done
configure:17078: creating ./config.status

## ---------------------- ##
## Running config.status. ##
## ---------------------- ##

This file was extended by openocd config.status 0.9.0, which was
generated by GNU Autoconf 2.69.  Invocation command line was

  CONFIG_FILES    = 
  CONFIG_HEADERS  = 
  CONFIG_LINKS    = 
  CONFIG_COMMANDS = 
  $ ./config.status 

on jerry-dell-64

config.status:1299: creating Makefile
config.status:1299: creating src/Makefile
config.status:1299: creating src/helper/Makefile
config.status:1299: creating src/jtag/Makefile
config.status:1299: creating src/jtag/drivers/Makefile
config.status:1299: creating src/jtag/drivers/usb_blaster/Makefile
config.status:1299: creating src/jtag/hla/Makefile
config.status:1299: creating src/jtag/aice/Makefile
config.status:1299: creating src/transport/Makefile
config.status:1299: creating src/target/openrisc/Makefile
config.status:1299: creating src/xsvf/Makefile
config.status:1299: creating src/svf/Makefile
config.status:1299: creating src/target/Makefile
config.status:1299: creating src/rtos/Makefile
config.status:1299: creating src/server/Makefile
config.status:1299: creating src/flash/Makefile
config.status:1299: creating src/flash/nor/Makefile
config.status:1299: creating src/flash/nand/Makefile
config.status:1299: creating src/pld/Makefile
config.status:1299: creating doc/Makefile
config.status:1299: creating config.h
config.status:1528: executing depfiles commands
config.status:1528: executing libtool commands
configure:19306: === configuring in jimtcl (/home/trekker/openocd/openocd-0.9.0_maxim_update/jimtcl)
configure:19369: running /bin/bash ./configure.gnu --disable-option-checking '--prefix=/usr/local'  '--enable-art' '--enable-ftdi' '--enable-cmsis-dap' --cache-file=/dev/null --srcdir=.

## ---------------- ##
## Cache variables. ##
## ---------------- ##

ac_cv_build=x86_64-pc-linux-gnu
ac_cv_c_bigendian=no
ac_cv_c_compiler_gnu=yes
ac_cv_c_const=yes
ac_cv_env_CC_set=
ac_cv_env_CC_value=
ac_cv_env_CFLAGS_set=
ac_cv_env_CFLAGS_value=
ac_cv_env_CPPFLAGS_set=
ac_cv_env_CPPFLAGS_value=
ac_cv_env_CPP_set=
ac_cv_env_CPP_value=
ac_cv_env_HIDAPI_CFLAGS_set=
ac_cv_env_HIDAPI_CFLAGS_value=
ac_cv_env_HIDAPI_LIBS_set=
ac_cv_env_HIDAPI_LIBS_value=
ac_cv_env_LDFLAGS_set=
ac_cv_env_LDFLAGS_value=
ac_cv_env_LIBFTDI_CFLAGS_set=
ac_cv_env_LIBFTDI_CFLAGS_value=
ac_cv_env_LIBFTDI_LIBS_set=
ac_cv_env_LIBFTDI_LIBS_value=
ac_cv_env_LIBS_set=
ac_cv_env_LIBS_value=
ac_cv_env_LIBUSB0_CFLAGS_set=
ac_cv_env_LIBUSB0_CFLAGS_value=
ac_cv_env_LIBUSB0_LIBS_set=
ac_cv_env_LIBUSB0_LIBS_value=
ac_cv_env_LIBUSB1_CFLAGS_set=
ac_cv_env_LIBUSB1_CFLAGS_value=
ac_cv_env_LIBUSB1_LIBS_set=
ac_cv_env_LIBUSB1_LIBS_value=
ac_cv_env_LT_SYS_LIBRARY_PATH_set=
ac_cv_env_LT_SYS_LIBRARY_PATH_value=
ac_cv_env_PKG_CONFIG_LIBDIR_set=
ac_cv_env_PKG_CONFIG_LIBDIR_value=
ac_cv_env_PKG_CONFIG_PATH_set=
ac_cv_env_PKG_CONFIG_PATH_value=
ac_cv_env_PKG_CONFIG_set=
ac_cv_env_PKG_CONFIG_value=
ac_cv_env_build_alias_set=
ac_cv_env_build_alias_value=
ac_cv_env_host_alias_set=
ac_cv_env_host_alias_value=
ac_cv_env_target_alias_set=
ac_cv_env_target_alias_value=
ac_cv_func_gettimeofday=yes
ac_cv_func_strndup=yes
ac_cv_func_strnlen=yes
ac_cv_func_usleep=yes
ac_cv_func_vasprintf=yes
ac_cv_header_arpa_inet_h=yes
ac_cv_header_dirent_h=yes
ac_cv_header_dlfcn_h=yes
ac_cv_header_elf_h=yes
ac_cv_header_fcntl_h=yes
ac_cv_header_ifaddrs_h=yes
ac_cv_header_inttypes_h=yes
ac_cv_header_malloc_h=yes
ac_cv_header_memory_h=yes
ac_cv_header_net_if_h=yes
ac_cv_header_netdb_h=yes
ac_cv_header_netinet_in_h=yes
ac_cv_header_netinet_tcp_h=yes
ac_cv_header_pthread_h=yes
ac_cv_header_stdbool_h=yes
ac_cv_header_stdc=yes
ac_cv_header_stdint_h=yes
ac_cv_header_stdlib_h=yes
ac_cv_header_string_h=yes
ac_cv_header_strings_h=yes
ac_cv_header_sys_ioctl_h=yes
ac_cv_header_sys_param_h=yes
ac_cv_header_sys_poll_h=yes
ac_cv_header_sys_select_h=yes
ac_cv_header_sys_socket_h=yes
ac_cv_header_sys_stat_h=yes
ac_cv_header_sys_time_h=yes
ac_cv_header_sys_types_h=yes
ac_cv_header_time=yes
ac_cv_header_unistd_h=yes
ac_cv_host=x86_64-pc-linux-gnu
ac_cv_objext=o
ac_cv_path_EGREP='/bin/grep -E'
ac_cv_path_FGREP='/bin/grep -F'
ac_cv_path_GREP=/bin/grep
ac_cv_path_SED=/bin/sed
ac_cv_path_ac_pt_PKG_CONFIG=/usr/bin/pkg-config
ac_cv_path_install='/usr/bin/install -c'
ac_cv_path_lt_DD=/bin/dd
ac_cv_path_mkdir=/bin/mkdir
ac_cv_prog_AWK=mawk
ac_cv_prog_CPP='gcc -E'
ac_cv_prog_ac_ct_AR=ar
ac_cv_prog_ac_ct_CC=gcc
ac_cv_prog_ac_ct_MANIFEST_TOOL=mt
ac_cv_prog_ac_ct_OBJDUMP=objdump
ac_cv_prog_ac_ct_RANLIB=ranlib
ac_cv_prog_ac_ct_STRIP=strip
ac_cv_prog_cc_c89=
ac_cv_prog_cc_c99=
ac_cv_prog_cc_g=yes
ac_cv_prog_make_make_set=yes
ac_cv_search_dlopen=-ldl
ac_cv_search_ioperm='none required'
ac_cv_type__Bool=yes
ac_cv_type_long_long_int=yes
ac_cv_type_unsigned_long_long_int=yes
am_cv_CC_dependencies_compiler_type=gcc3
am_cv_make_support_nested_variables=yes
am_cv_prog_cc_c_o=yes
lt_cv_ar_at_file=@
lt_cv_deplibs_check_method=pass_all
lt_cv_file_magic_cmd='$MAGIC_CMD'
lt_cv_file_magic_test_file=
lt_cv_ld_reload_flag=-r
lt_cv_nm_interface='BSD nm'
lt_cv_objdir=.libs
lt_cv_path_LD=/usr/bin/x86_64-linux-gnu-ld
lt_cv_path_NM='/usr/bin/nm -B'
lt_cv_path_mainfest_tool=no
lt_cv_prog_compiler_c_o=yes
lt_cv_prog_compiler_pic='-fPIC -DPIC'
lt_cv_prog_compiler_pic_works=yes
lt_cv_prog_compiler_rtti_exceptions=no
lt_cv_prog_compiler_static_works=yes
lt_cv_prog_gnu_ld=yes
lt_cv_sharedlib_from_linklib_cmd='printf %s\n'
lt_cv_shlibpath_overrides_runpath=yes
lt_cv_sys_global_symbol_pipe='sed -n -e '\''s/^.*[	 ]\([ABCDGIRSTW][ABCDGIRSTW]*\)[	 ][	 ]*\([_A-Za-z][_A-Za-z0-9]*\)$/\1 \2 \2/p'\'' | sed '\''/ __gnu_lto/d'\'''
lt_cv_sys_global_symbol_to_c_name_address='sed -n -e '\''s/^: \(.*\) .*$/  {"\1", (void *) 0},/p'\'' -e '\''s/^[ABCDGIRSTW][ABCDGIRSTW]* .* \(.*\)$/  {"\1", (void *) \&\1},/p'\'''
lt_cv_sys_global_symbol_to_c_name_address_lib_prefix='sed -n -e '\''s/^: \(.*\) .*$/  {"\1", (void *) 0},/p'\'' -e '\''s/^[ABCDGIRSTW][ABCDGIRSTW]* .* \(lib.*\)$/  {"\1", (void *) \&\1},/p'\'' -e '\''s/^[ABCDGIRSTW][ABCDGIRSTW]* .* \(.*\)$/  {"lib\1", (void *) \&\1},/p'\'''
lt_cv_sys_global_symbol_to_cdecl='sed -n -e '\''s/^T .* \(.*\)$/extern int \1();/p'\'' -e '\''s/^[ABCDGIRSTW][ABCDGIRSTW]* .* \(.*\)$/extern char \1;/p'\'''
lt_cv_sys_global_symbol_to_import=
lt_cv_sys_max_cmd_len=1572864
lt_cv_to_host_file_cmd=func_convert_file_noop
lt_cv_to_tool_file_cmd=func_convert_file_noop
lt_cv_truncate_bin='/bin/dd bs=4096 count=1'
pkg_cv_HIDAPI_CFLAGS=-I/usr/local/include/hidapi
pkg_cv_HIDAPI_LIBS='-L/usr/local/lib -lhidapi-hidraw'
pkg_cv_LIBUSB1_CFLAGS=-I/usr/include/libusb-1.0
pkg_cv_LIBUSB1_LIBS=-lusb-1.0

## ----------------- ##
## Output variables. ##
## ----------------- ##

ACLOCAL='${SHELL} /home/trekker/openocd/openocd-0.9.0_maxim_update/missing aclocal-1.15'
AICE_FALSE='#'
AICE_TRUE=''
AMDEPBACKSLASH='\'
AMDEP_FALSE='#'
AMDEP_TRUE=''
AMTAR='$${TAR-tar}'
AMTJTAGACCEL_FALSE=''
AMTJTAGACCEL_TRUE='#'
AM_BACKSLASH='\'
AM_DEFAULT_V='$(AM_DEFAULT_VERBOSITY)'
AM_DEFAULT_VERBOSITY='1'
AM_V='$(V)'
AR='ar'
ARMJTAGEW_FALSE=''
ARMJTAGEW_TRUE='#'
ART_FALSE='#'
ART_TRUE=''
AT91RM9200_FALSE=''
AT91RM9200_TRUE='#'
AUTOCONF='${SHELL} /home/trekker/openocd/openocd-0.9.0_maxim_update/missing autoconf'
AUTOHEADER='${SHELL} /home/trekker/openocd/openocd-0.9.0_maxim_update/missing autoheader'
AUTOMAKE='${SHELL} /home/trekker/openocd/openocd-0.9.0_maxim_update/missing automake-1.15'
AWK='mawk'
BCM2835GPIO_FALSE=''
BCM2835GPIO_TRUE='#'
BITBANG_FALSE='#'
BITBANG_TRUE=''
BITQ_FALSE=''
BITQ_TRUE='#'
BUSPIRATE_FALSE=''
BUSPIRATE_TRUE='#'
CC='gcc'
CCDEPMODE='depmode=gcc3'
CFLAGS='-g -O2 -Wall -Wstrict-prototypes -Wformat-security -Wshadow -Wextra -Wno-unused-parameter -Wbad-function-cast -Wcast-align -Wredundant-decls -Werror'
CMSIS_DAP_FALSE='#'
CMSIS_DAP_TRUE=''
CPP='gcc -E'
CPPFLAGS=''
CYGPATH_W='echo'
DEFS='-DHAVE_CONFIG_H'
DEPDIR='.deps'
DLLTOOL='false'
DSYMUTIL=''
DUMMY_FALSE=''
DUMMY_TRUE='#'
DUMPBIN=''
ECHO_C=''
ECHO_N='-n'
ECHO_T=''
EGREP='/bin/grep -E'
EP93XX_FALSE=''
EP93XX_TRUE='#'
EXEEXT=''
FGREP='/bin/grep -F'
FT2232_DRIVER_FALSE=''
FT2232_DRIVER_TRUE='#'
FT2232_LIBFTDI_FALSE=''
FT2232_LIBFTDI_TRUE='#'
FTDI_FALSE='#'
FTDI_TRUE=''
GIVEIO_FALSE=''
GIVEIO_TRUE='#'
GREP='/bin/grep'
GW16012_FALSE=''
GW16012_TRUE='#'
HIDAPI_CFLAGS='-I/usr/local/include/hidapi'
HIDAPI_LIBS='-L/usr/local/lib -lhidapi-hidraw'
HLADAPTER_FALSE='#'
HLADAPTER_ICDI_FALSE='#'
HLADAPTER_ICDI_TRUE=''
HLADAPTER_STLINK_FALSE='#'
HLADAPTER_STLINK_TRUE=''
HLADAPTER_TRUE=''
INSTALL_DATA='${INSTALL} -m 644'
INSTALL_PROGRAM='${INSTALL}'
INSTALL_SCRIPT='${INSTALL}'
INSTALL_STRIP_PROGRAM='$(install_sh) -c -s'
INTERNAL_JIMTCL_FALSE='#'
INTERNAL_JIMTCL_TRUE=''
IOUTIL_FALSE=''
IOUTIL_TRUE='#'
IS_CYGWIN_FALSE=''
IS_CYGWIN_TRUE='#'
IS_DARWIN_FALSE=''
IS_DARWIN_TRUE='#'
IS_MINGW_FALSE=''
IS_MINGW_TRUE='#'
IS_WIN32_FALSE=''
IS_WIN32_TRUE='#'
JLINK_FALSE='#'
JLINK_TRUE=''
JTAG_VPI_FALSE=''
JTAG_VPI_TRUE='#'
LD='/usr/bin/x86_64-linux-gnu-ld -m elf_x86_64'
LDFLAGS=''
LIBFTDI_CFLAGS=''
LIBFTDI_LIBS=''
LIBOBJS=''
LIBS='-ldl '
LIBTOOL='$(SHELL) $(top_builddir)/libtool'
LIBTOOL_DEPS='./ltmain.sh'
LIBUSB0_CFLAGS=''
LIBUSB0_LIBS=''
LIBUSB1_CFLAGS='-isystem /usr/include/libusb-1.0'
LIBUSB1_LIBS='-lusb-1.0'
LIPO=''
LN_S='ln -s'
LTLIBOBJS=''
LT_SYS_LIBRARY_PATH=''
MAKEINFO='echo makeinfo missing; true'
MANIFEST_TOOL=':'
MINIDRIVER_DUMMY_FALSE=''
MINIDRIVER_DUMMY_TRUE='#'
MINIDRIVER_FALSE=''
MINIDRIVER_TRUE='#'
MKDIR_P='/bin/mkdir -p'
NM='/usr/bin/nm -B'
NMEDIT=''
OBJDUMP='objdump'
OBJEXT='o'
OOCD_TRACE_FALSE=''
OOCD_TRACE_TRUE='#'
OPENDOUS_FALSE='#'
OPENDOUS_TRUE=''
OPENJTAG_FALSE=''
OPENJTAG_TRUE='#'
OSBDM_FALSE='#'
OSBDM_TRUE=''
OTOOL64=''
OTOOL=''
PACKAGE='openocd'
PACKAGE_BUGREPORT='OpenOCD Mailing List <openocd-devel@lists.sourceforge.net>'
PACKAGE_NAME='openocd'
PACKAGE_STRING='openocd 0.9.0'
PACKAGE_TARNAME='openocd'
PACKAGE_URL=''
PACKAGE_VERSION='0.9.0'
PARPORT_FALSE=''
PARPORT_TRUE='#'
PATH_SEPARATOR=':'
PKG_CONFIG='/usr/bin/pkg-config'
PKG_CONFIG_LIBDIR=''
PKG_CONFIG_PATH=''
PRESTO_DRIVER_FALSE=''
PRESTO_DRIVER_TRUE='#'
PRESTO_LIBFTDI_FALSE=''
PRESTO_LIBFTDI_TRUE='#'
RANLIB='ranlib'
RELEASE_FALSE='#'
RELEASE_TRUE=''
REMOTE_BITBANG_FALSE=''
REMOTE_BITBANG_TRUE='#'
RLINK_FALSE=''
RLINK_TRUE='#'
SED='/bin/sed'
SET_MAKE=''
SHELL='/bin/bash'
STRIP='strip'
SYSFSGPIO_FALSE=''
SYSFSGPIO_TRUE='#'
ULINK_FALSE='#'
ULINK_TRUE=''
USBPROG_FALSE=''
USBPROG_TRUE='#'
USB_BLASTER_2_FALSE='#'
USB_BLASTER_2_TRUE=''
USB_BLASTER_DRIVER_FALSE='#'
USB_BLASTER_DRIVER_TRUE=''
USB_BLASTER_FTD2XX_FALSE=''
USB_BLASTER_FTD2XX_TRUE='#'
USB_BLASTER_LIBFTDI_FALSE=''
USB_BLASTER_LIBFTDI_TRUE='#'
USE_LIBUSB0_FALSE=''
USE_LIBUSB0_TRUE='#'
USE_LIBUSB1_FALSE='#'
USE_LIBUSB1_TRUE=''
VERSION='0.9.0'
VSLLINK_FALSE='#'
VSLLINK_TRUE=''
ZY1000_FALSE=''
ZY1000_MASTER_FALSE=''
ZY1000_MASTER_TRUE='#'
ZY1000_TRUE='#'
ac_ct_AR='ar'
ac_ct_CC='gcc'
ac_ct_DUMPBIN=''
am__EXEEXT_FALSE=''
am__EXEEXT_TRUE='#'
am__fastdepCC_FALSE='#'
am__fastdepCC_TRUE=''
am__include='include'
am__isrc=''
am__leading_dot='.'
am__nodep='_no'
am__quote=''
am__tar='$${TAR-tar} chof - "$$tardir"'
am__untar='$${TAR-tar} xf -'
bindir='${exec_prefix}/bin'
build='x86_64-pc-linux-gnu'
build_alias=''
build_cpu='x86_64'
build_os='linux-gnu'
build_vendor='pc'
datadir='${datarootdir}'
datarootdir='${prefix}/share'
docdir='${datarootdir}/doc/${PACKAGE_TARNAME}'
doxygen_as_html='yes'
doxygen_as_pdf='no'
dvidir='${docdir}'
exec_prefix='${prefix}'
host='x86_64-pc-linux-gnu'
host_alias=''
host_cpu='x86_64'
host_os='linux-gnu'
host_vendor='pc'
htmldir='${docdir}'
includedir='${prefix}/include'
infodir='${datarootdir}/info'
install_sh='${SHELL} /home/trekker/openocd/openocd-0.9.0_maxim_update/install-sh'
libdir='${exec_prefix}/lib'
libexecdir='${exec_prefix}/libexec'
localedir='${datarootdir}/locale'
localstatedir='${prefix}/var'
mandir='${datarootdir}/man'
mkdir_p='$(MKDIR_P)'
oldincludedir='/usr/include'
pdfdir='${docdir}'
prefix='/usr/local'
program_transform_name='s,x,x,'
psdir='${docdir}'
runstatedir='${localstatedir}/run'
sbindir='${exec_prefix}/sbin'
sharedstatedir='${prefix}/com'
subdirs=' jimtcl'
sysconfdir='${prefix}/etc'
target_alias=''

## ----------- ##
## confdefs.h. ##
## ----------- ##

/* confdefs.h */
#define PACKAGE_NAME "openocd"
#define PACKAGE_TARNAME "openocd"
#define PACKAGE_VERSION "0.9.0"
#define PACKAGE_STRING "openocd 0.9.0"
#define PACKAGE_BUGREPORT "OpenOCD Mailing List <openocd-devel@lists.sourceforge.net>"
#define PACKAGE_URL ""
#define PACKAGE "openocd"
#define VERSION "0.9.0"
#define STDC_HEADERS 1
#define HAVE_SYS_TYPES_H 1
#define HAVE_SYS_STAT_H 1
#define HAVE_STDLIB_H 1
#define HAVE_STRING_H 1
#define HAVE_MEMORY_H 1
#define HAVE_STRINGS_H 1
#define HAVE_INTTYPES_H 1
#define HAVE_STDINT_H 1
#define HAVE_UNISTD_H 1
#define HAVE_DLFCN_H 1
#define LT_OBJDIR ".libs/"
#define HAVE_UNSIGNED_LONG_LONG_INT 1
#define HAVE_LONG_LONG_INT 1
#define HAVE_SYS_SOCKET_H 1
#define HAVE_ARPA_INET_H 1
#define HAVE_ELF_H 1
#define HAVE_DIRENT_H 1
#define HAVE_FCNTL_H 1
#define HAVE_IFADDRS_H 1
#define HAVE_MALLOC_H 1
#define HAVE_NETDB_H 1
#define HAVE_NETINET_IN_H 1
#define HAVE_NETINET_TCP_H 1
#define HAVE_PTHREAD_H 1
#define HAVE_STRINGS_H 1
#define HAVE_SYS_IOCTL_H 1
#define HAVE_SYS_PARAM_H 1
#define HAVE_SYS_POLL_H 1
#define HAVE_SYS_SELECT_H 1
#define HAVE_SYS_STAT_H 1
#define HAVE_SYS_TIME_H 1
#define HAVE_SYS_TYPES_H 1
#define HAVE_UNISTD_H 1
#define HAVE_NET_IF_H 1
#define HAVE__BOOL 1
#define HAVE_STDBOOL_H 1
#define TIME_WITH_SYS_TIME 1
#define HAVE_STRNDUP 1
#define HAVE_STRNLEN 1
#define HAVE_GETTIMEOFDAY 1
#define HAVE_USLEEP 1
#define HAVE_VASPRINTF 1
#define IS_CYGWIN 0
#define IS_WIN32 0
#define IS_DARWIN 0
#define BUILD_PARPORT 0
#define BUILD_DUMMY 0
#define BUILD_EP93XX 0
#define BUILD_ZY1000 0
#define BUILD_ZY1000_MASTER 0
#define BUILD_AT91RM9200 0
#define BUILD_BCM2835GPIO 0
#define PARPORT_USE_PPDEV 1
#define PARPORT_USE_GIVEIO 0
#define BUILD_BITBANG 0
#define BUILD_FT2232_LIBFTDI 0
#define BUILD_FT2232_FTD2XX 0
#define BUILD_USB_BLASTER_LIBFTDI 0
#define BUILD_JTAG_VPI 0
#define BUILD_USB_BLASTER_FTD2XX 0
#define BUILD_AMTJTAGACCEL 0
#define BUILD_GW16012 0
#define BUILD_PRESTO_LIBFTDI 0
#define BUILD_PRESTO_FTD2XX 0
#define BUILD_BITQ 0
#define BUILD_OPENJTAG 0
#define BUILD_OPENJTAG_FTD2XX 0
#define BUILD_OPENJTAG_LIBFTDI 0
#define BUILD_OOCD_TRACE 0
#define BUILD_BUSPIRATE 0
#define BUILD_REMOTE_BITBANG 0
#define BUILD_SYSFSGPIO 0
#define BUILD_ART 1
#define HAVE_LIBUSB1 1
#define HAVE_LIBUSB_ERROR_NAME 1
#define BUILD_FTDI 1
#define BUILD_HLADAPTER_STLINK 1
#define BUILD_HLADAPTER_ICDI 1
#define BUILD_ULINK 1
#define BUILD_USB_BLASTER_2 1
#define BUILD_VSLLINK 1
#define BUILD_JLINK 1
#define BUILD_OSBDM 1
#define BUILD_OPENDOUS 1
#define BUILD_AICE 1
#define BUILD_CMSIS_DAP 1
#define BUILD_HLADAPTER 1
#define _GNU_SOURCE 1

configure: exit 0
