This file contains any messages produced by compilers while
running configure, to aid debugging if configure makes a mistake.

It was created by hidapi configure 0.8.0-rc1, which was
generated by GNU Autoconf 2.69.  Invocation command line was

  $ ./configure 

## --------- ##
## Platform. ##
## --------- ##

hostname = jerry-dell-64
uname -m = x86_64
uname -r = 4.15.0-23-generic
uname -s = Linux
uname -v = #25-Ubuntu SMP Wed May 23 18:02:16 UTC 2018

/usr/bin/uname -p = unknown
/bin/uname -X     = unknown

/bin/arch              = unknown
/usr/bin/arch -k       = unknown
/usr/convex/getsysinfo = unknown
/usr/bin/hostinfo      = unknown
/bin/machine           = unknown
/usr/bin/oslevel       = unknown
/bin/universe          = unknown

PATH: /usr/local/sbin
PATH: /usr/local/bin
PATH: /usr/sbin
PATH: /usr/bin
PATH: /sbin
PATH: /bin
PATH: /usr/games
PATH: /usr/local/games
PATH: /snap/bin


## ----------- ##
## Core tests. ##
## ----------- ##

configure:2428: checking for a BSD-compatible install
configure:2496: result: /usr/bin/install -c
configure:2507: checking whether build environment is sane
configure:2562: result: yes
configure:2713: checking for a thread-safe mkdir -p
configure:2752: result: /bin/mkdir -p
configure:2759: checking for gawk
configure:2789: result: no
configure:2759: checking for mawk
configure:2775: found /usr/bin/mawk
configure:2786: result: mawk
configure:2797: checking whether make sets $(MAKE)
configure:2819: result: yes
configure:2848: checking whether make supports nested variables
configure:2865: result: yes
configure:3005: checking for style of include used by make
configure:3033: result: GNU
configure:3104: checking for gcc
configure:3120: found /usr/bin/gcc
configure:3131: result: gcc
configure:3360: checking for C compiler version
configure:3369: gcc --version >&5
gcc (Ubuntu 7.3.0-16ubuntu3) 7.3.0
Copyright (C) 2017 Free Software Foundation, Inc.
This is free software; see the source for copying conditions.  There is NO
warranty; not even for MERCHANTABILITY or FITNESS FOR A PARTICULAR PURPOSE.

configure:3380: $? = 0
configure:3369: gcc -v >&5
Using built-in specs.
COLLECT_GCC=gcc
COLLECT_LTO_WRAPPER=/usr/lib/gcc/x86_64-linux-gnu/7/lto-wrapper
OFFLOAD_TARGET_NAMES=nvptx-none
OFFLOAD_TARGET_DEFAULT=1
Target: x86_64-linux-gnu
Configured with: ../src/configure -v --with-pkgversion='Ubuntu 7.3.0-16ubuntu3' --with-bugurl=file:///usr/share/doc/gcc-7/README.Bugs --enable-languages=c,ada,c++,go,brig,d,fortran,objc,obj-c++ --prefix=/usr --with-gcc-major-version-only --with-as=/usr/bin/x86_64-linux-gnu-as --with-ld=/usr/bin/x86_64-linux-gnu-ld --program-suffix=-7 --program-prefix=x86_64-linux-gnu- --enable-shared --enable-linker-build-id --libexecdir=/usr/lib --without-included-gettext --enable-threads=posix --libdir=/usr/lib --enable-nls --with-sysroot=/ --enable-clocale=gnu --enable-libstdcxx-debug --enable-libstdcxx-time=yes --with-default-libstdcxx-abi=new --enable-gnu-unique-object --disable-vtable-verify --enable-libmpx --enable-plugin --enable-default-pie --with-system-zlib --with-target-system-zlib --enable-objc-gc=auto --enable-multiarch --disable-werror --with-arch-32=i686 --with-abi=m64 --with-multilib-list=m32,m64,mx32 --enable-multilib --with-tune=generic --enable-offload-targets=nvptx-none --without-cuda-driver --enable-checking=release --build=x86_64-linux-gnu --host=x86_64-linux-gnu --target=x86_64-linux-gnu
Thread model: posix
gcc version 7.3.0 (Ubuntu 7.3.0-16ubuntu3) 
configure:3380: $? = 0
configure:3369: gcc -V >&5
gcc: error: unrecognized command line option '-V'
gcc: fatal error: no input files
compilation terminated.
configure:3380: $? = 1
configure:3369: gcc -qversion >&5
gcc: error: unrecognized command line option '-qversion'; did you mean '--version'?
gcc: fatal error: no input files
compilation terminated.
configure:3380: $? = 1
configure:3400: checking whether the C compiler works
configure:3422: gcc    conftest.c  >&5
configure:3426: $? = 0
configure:3474: result: yes
configure:3477: checking for C compiler default output file name
configure:3479: result: a.out
configure:3485: checking for suffix of executables
configure:3492: gcc -o conftest    conftest.c  >&5
configure:3496: $? = 0
configure:3518: result: 
configure:3540: checking whether we are cross compiling
configure:3548: gcc -o conftest    conftest.c  >&5
configure:3552: $? = 0
configure:3559: ./conftest
configure:3563: $? = 0
configure:3578: result: no
configure:3583: checking for suffix of object files
configure:3605: gcc -c   conftest.c >&5
configure:3609: $? = 0
configure:3630: result: o
configure:3634: checking whether we are using the GNU C compiler
configure:3653: gcc -c   conftest.c >&5
configure:3653: $? = 0
configure:3662: result: yes
configure:3671: checking whether gcc accepts -g
configure:3691: gcc -c -g  conftest.c >&5
configure:3691: $? = 0
configure:3732: result: yes
configure:3749: checking for gcc option to accept ISO C89
configure:3812: gcc  -c -g -O2  conftest.c >&5
configure:3812: $? = 0
configure:3825: result: none needed
configure:3850: checking whether gcc understands -c and -o together
configure:3872: gcc -c conftest.c -o conftest2.o
configure:3875: $? = 0
configure:3872: gcc -c conftest.c -o conftest2.o
configure:3875: $? = 0
configure:3887: result: yes
configure:3906: checking dependency style of gcc
configure:4017: result: gcc3
configure:4082: checking for ar
configure:4098: found /usr/bin/ar
configure:4109: result: ar
configure:4135: checking the archiver (ar) interface
configure:4151: gcc -c -g -O2  conftest.c >&5
configure:4151: $? = 0
configure:4153: ar cru libconftest.a conftest.o >&5
ar: `u' modifier ignored since `D' is the default (see `U')
configure:4156: $? = 0
configure:4184: result: ar
configure:4233: checking build system type
configure:4247: result: x86_64-pc-linux-gnu
configure:4267: checking host system type
configure:4280: result: x86_64-pc-linux-gnu
configure:4321: checking how to print strings
configure:4348: result: printf
configure:4369: checking for a sed that does not truncate output
configure:4433: result: /bin/sed
configure:4451: checking for grep that handles long lines and -e
configure:4509: result: /bin/grep
configure:4514: checking for egrep
configure:4576: result: /bin/grep -E
configure:4581: checking for fgrep
configure:4643: result: /bin/grep -F
configure:4678: checking for ld used by gcc
configure:4745: result: /usr/bin/x86_64-linux-gnu-ld
configure:4752: checking if the linker (/usr/bin/x86_64-linux-gnu-ld) is GNU ld
configure:4767: result: yes
configure:4779: checking for BSD- or MS-compatible name lister (nm)
configure:4833: result: /usr/bin/nm -B
configure:4963: checking the name lister (/usr/bin/nm -B) interface
configure:4970: gcc -c -g -O2  conftest.c >&5
configure:4973: /usr/bin/nm -B "conftest.o"
configure:4976: output
0000000000000000 B some_variable
configure:4983: result: BSD nm
configure:4986: checking whether ln -s works
configure:4990: result: yes
configure:4998: checking the maximum length of command line arguments
configure:5129: result: 1572864
configure:5177: checking how to convert x86_64-pc-linux-gnu file names to x86_64-pc-linux-gnu format
configure:5217: result: func_convert_file_noop
configure:5224: checking how to convert x86_64-pc-linux-gnu file names to toolchain format
configure:5244: result: func_convert_file_noop
configure:5251: checking for /usr/bin/x86_64-linux-gnu-ld option to reload object files
configure:5258: result: -r
configure:5332: checking for objdump
configure:5348: found /usr/bin/objdump
configure:5359: result: objdump
configure:5391: checking how to recognize dependent libraries
configure:5591: result: pass_all
configure:5676: checking for dlltool
configure:5706: result: no
configure:5736: checking how to associate runtime and link libraries
configure:5763: result: printf %s\n
configure:5887: checking for archiver @FILE support
configure:5904: gcc -c -g -O2  conftest.c >&5
configure:5904: $? = 0
configure:5907: ar cru libconftest.a @conftest.lst >&5
ar: `u' modifier ignored since `D' is the default (see `U')
configure:5910: $? = 0
configure:5915: ar cru libconftest.a @conftest.lst >&5
ar: `u' modifier ignored since `D' is the default (see `U')
ar: conftest.o: No such file or directory
configure:5918: $? = 1
configure:5930: result: @
configure:5988: checking for strip
configure:6004: found /usr/bin/strip
configure:6015: result: strip
configure:6087: checking for ranlib
configure:6103: found /usr/bin/ranlib
configure:6114: result: ranlib
configure:6216: checking command to parse /usr/bin/nm -B output from gcc object
configure:6369: gcc -c -g -O2  conftest.c >&5
configure:6372: $? = 0
configure:6376: /usr/bin/nm -B conftest.o \| sed -n -e 's/^.*[ ]\([ABCDGIRSTW][ABCDGIRSTW]*\)[ ][ ]*\([_A-Za-z][_A-Za-z0-9]*\)$/\1 \2 \2/p' | sed '/ __gnu_lto/d' \> conftest.nm
configure:6379: $? = 0
configure:6445: gcc -o conftest -g -O2   conftest.c conftstm.o >&5
configure:6448: $? = 0
configure:6486: result: ok
configure:6533: checking for sysroot
configure:6563: result: no
configure:6570: checking for a working dd
configure:6608: result: /bin/dd
configure:6612: checking how to truncate binary pipes
configure:6627: result: /bin/dd bs=4096 count=1
configure:6763: gcc -c -g -O2  conftest.c >&5
configure:6766: $? = 0
configure:6956: checking for mt
configure:6972: found /bin/mt
configure:6983: result: mt
configure:7006: checking if mt is a manifest tool
configure:7012: mt '-?'
configure:7020: result: no
configure:7697: checking how to run the C preprocessor
configure:7728: gcc -E  conftest.c
configure:7728: $? = 0
configure:7742: gcc -E  conftest.c
conftest.c:11:10: fatal error: ac_nonexistent.h: No such file or directory
 #include <ac_nonexistent.h>
          ^~~~~~~~~~~~~~~~~~
compilation terminated.
configure:7742: $? = 1
configure: failed program was:
| /* confdefs.h */
| #define PACKAGE_NAME "hidapi"
| #define PACKAGE_TARNAME "hidapi"
| #define PACKAGE_VERSION "0.8.0-rc1"
| #define PACKAGE_STRING "hidapi 0.8.0-rc1"
| #define PACKAGE_BUGREPORT "alan@signal11.us"
| #define PACKAGE_URL ""
| #define PACKAGE "hidapi"
| #define VERSION "0.8.0-rc1"
| /* end confdefs.h.  */
| #include <ac_nonexistent.h>
configure:7767: result: gcc -E
configure:7787: gcc -E  conftest.c
configure:7787: $? = 0
configure:7801: gcc -E  conftest.c
conftest.c:11:10: fatal error: ac_nonexistent.h: No such file or directory
 #include <ac_nonexistent.h>
          ^~~~~~~~~~~~~~~~~~
compilation terminated.
configure:7801: $? = 1
configure: failed program was:
| /* confdefs.h */
| #define PACKAGE_NAME "hidapi"
| #define PACKAGE_TARNAME "hidapi"
| #define PACKAGE_VERSION "0.8.0-rc1"
| #define PACKAGE_STRING "hidapi 0.8.0-rc1"
| #define PACKAGE_BUGREPORT "alan@signal11.us"
| #define PACKAGE_URL ""
| #define PACKAGE "hidapi"
| #define VERSION "0.8.0-rc1"
| /* end confdefs.h.  */
| #include <ac_nonexistent.h>
configure:7830: checking for ANSI C header files
configure:7850: gcc -c -g -O2  conftest.c >&5
configure:7850: $? = 0
configure:7923: gcc -o conftest -g -O2   conftest.c  >&5
configure:7923: $? = 0
configure:7923: ./conftest
configure:7923: $? = 0
configure:7934: result: yes
configure:7947: checking for sys/types.h
configure:7947: gcc -c -g -O2  conftest.c >&5
configure:7947: $? = 0
configure:7947: result: yes
configure:7947: checking for sys/stat.h
configure:7947: gcc -c -g -O2  conftest.c >&5
configure:7947: $? = 0
configure:7947: result: yes
configure:7947: checking for stdlib.h
configure:7947: gcc -c -g -O2  conftest.c >&5
configure:7947: $? = 0
configure:7947: result: yes
configure:7947: checking for string.h
configure:7947: gcc -c -g -O2  conftest.c >&5
configure:7947: $? = 0
configure:7947: result: yes
configure:7947: checking for memory.h
configure:7947: gcc -c -g -O2  conftest.c >&5
configure:7947: $? = 0
configure:7947: result: yes
configure:7947: checking for strings.h
configure:7947: gcc -c -g -O2  conftest.c >&5
configure:7947: $? = 0
configure:7947: result: yes
configure:7947: checking for inttypes.h
configure:7947: gcc -c -g -O2  conftest.c >&5
configure:7947: $? = 0
configure:7947: result: yes
configure:7947: checking for stdint.h
configure:7947: gcc -c -g -O2  conftest.c >&5
configure:7947: $? = 0
configure:7947: result: yes
configure:7947: checking for unistd.h
configure:7947: gcc -c -g -O2  conftest.c >&5
configure:7947: $? = 0
configure:7947: result: yes
configure:7961: checking for dlfcn.h
configure:7961: gcc -c -g -O2  conftest.c >&5
configure:7961: $? = 0
configure:7961: result: yes
configure:8217: checking for objdir
configure:8232: result: .libs
configure:8496: checking if gcc supports -fno-rtti -fno-exceptions
configure:8514: gcc -c -g -O2  -fno-rtti -fno-exceptions conftest.c >&5
cc1: warning: command line option '-fno-rtti' is valid for C++/ObjC++ but not for C
configure:8518: $? = 0
configure:8531: result: no
configure:8889: checking for gcc option to produce PIC
configure:8896: result: -fPIC -DPIC
configure:8904: checking if gcc PIC flag -fPIC -DPIC works
configure:8922: gcc -c -g -O2  -fPIC -DPIC -DPIC conftest.c >&5
configure:8926: $? = 0
configure:8939: result: yes
configure:8968: checking if gcc static flag -static works
configure:8996: result: yes
configure:9011: checking if gcc supports -c -o file.o
configure:9032: gcc -c -g -O2  -o out/conftest2.o conftest.c >&5
configure:9036: $? = 0
configure:9058: result: yes
configure:9066: checking if gcc supports -c -o file.o
configure:9113: result: yes
configure:9146: checking whether the gcc linker (/usr/bin/x86_64-linux-gnu-ld -m elf_x86_64) supports shared libraries
configure:10409: result: yes
configure:10446: checking whether -lc should be explicitly linked in
configure:10454: gcc -c -g -O2  conftest.c >&5
configure:10457: $? = 0
configure:10472: gcc -shared  -fPIC -DPIC conftest.o  -v -Wl,-soname -Wl,conftest -o conftest 2\>\&1 \| /bin/grep  -lc  \>/dev/null 2\>\&1
configure:10475: $? = 0
configure:10489: result: no
configure:10649: checking dynamic linker characteristics
configure:11230: gcc -o conftest -g -O2   -Wl,-rpath -Wl,/foo conftest.c  >&5
configure:11230: $? = 0
configure:11479: result: GNU/Linux ld.so
configure:11601: checking how to hardcode library paths into programs
configure:11626: result: immediate
configure:12174: checking whether stripping libraries is possible
configure:12179: result: yes
configure:12214: checking if libtool supports shared libraries
configure:12216: result: yes
configure:12219: checking whether to build shared libraries
configure:12244: result: yes
configure:12247: checking whether to build static libraries
configure:12251: result: yes
configure:12337: checking for gcc
configure:12364: result: gcc
configure:12593: checking for C compiler version
configure:12602: gcc --version >&5
gcc (Ubuntu 7.3.0-16ubuntu3) 7.3.0
Copyright (C) 2017 Free Software Foundation, Inc.
This is free software; see the source for copying conditions.  There is NO
warranty; not even for MERCHANTABILITY or FITNESS FOR A PARTICULAR PURPOSE.

configure:12613: $? = 0
configure:12602: gcc -v >&5
Using built-in specs.
COLLECT_GCC=gcc
COLLECT_LTO_WRAPPER=/usr/lib/gcc/x86_64-linux-gnu/7/lto-wrapper
OFFLOAD_TARGET_NAMES=nvptx-none
OFFLOAD_TARGET_DEFAULT=1
Target: x86_64-linux-gnu
Configured with: ../src/configure -v --with-pkgversion='Ubuntu 7.3.0-16ubuntu3' --with-bugurl=file:///usr/share/doc/gcc-7/README.Bugs --enable-languages=c,ada,c++,go,brig,d,fortran,objc,obj-c++ --prefix=/usr --with-gcc-major-version-only --with-as=/usr/bin/x86_64-linux-gnu-as --with-ld=/usr/bin/x86_64-linux-gnu-ld --program-suffix=-7 --program-prefix=x86_64-linux-gnu- --enable-shared --enable-linker-build-id --libexecdir=/usr/lib --without-included-gettext --enable-threads=posix --libdir=/usr/lib --enable-nls --with-sysroot=/ --enable-clocale=gnu --enable-libstdcxx-debug --enable-libstdcxx-time=yes --with-default-libstdcxx-abi=new --enable-gnu-unique-object --disable-vtable-verify --enable-libmpx --enable-plugin --enable-default-pie --with-system-zlib --with-target-system-zlib --enable-objc-gc=auto --enable-multiarch --disable-werror --with-arch-32=i686 --with-abi=m64 --with-multilib-list=m32,m64,mx32 --enable-multilib --with-tune=generic --enable-offload-targets=nvptx-none --without-cuda-driver --enable-checking=release --build=x86_64-linux-gnu --host=x86_64-linux-gnu --target=x86_64-linux-gnu
Thread model: posix
gcc version 7.3.0 (Ubuntu 7.3.0-16ubuntu3) 
configure:12613: $? = 0
configure:12602: gcc -V >&5
gcc: error: unrecognized command line option '-V'
gcc: fatal error: no input files
compilation terminated.
configure:12613: $? = 1
configure:12602: gcc -qversion >&5
gcc: error: unrecognized command line option '-qversion'; did you mean '--version'?
gcc: fatal error: no input files
compilation terminated.
configure:12613: $? = 1
configure:12617: checking whether we are using the GNU C compiler
configure:12645: result: yes
configure:12654: checking whether gcc accepts -g
configure:12715: result: yes
configure:12732: checking for gcc option to accept ISO C89
configure:12808: result: none needed
configure:12833: checking whether gcc understands -c and -o together
configure:12870: result: yes
configure:12889: checking dependency style of gcc
configure:13000: result: gcc3
configure:13073: checking for g++
configure:13089: found /usr/bin/g++
configure:13100: result: g++
configure:13127: checking for C++ compiler version
configure:13136: g++ --version >&5
g++ (Ubuntu 7.3.0-16ubuntu3) 7.3.0
Copyright (C) 2017 Free Software Foundation, Inc.
This is free software; see the source for copying conditions.  There is NO
warranty; not even for MERCHANTABILITY or FITNESS FOR A PARTICULAR PURPOSE.

configure:13147: $? = 0
configure:13136: g++ -v >&5
Using built-in specs.
COLLECT_GCC=g++
COLLECT_LTO_WRAPPER=/usr/lib/gcc/x86_64-linux-gnu/7/lto-wrapper
OFFLOAD_TARGET_NAMES=nvptx-none
OFFLOAD_TARGET_DEFAULT=1
Target: x86_64-linux-gnu
Configured with: ../src/configure -v --with-pkgversion='Ubuntu 7.3.0-16ubuntu3' --with-bugurl=file:///usr/share/doc/gcc-7/README.Bugs --enable-languages=c,ada,c++,go,brig,d,fortran,objc,obj-c++ --prefix=/usr --with-gcc-major-version-only --with-as=/usr/bin/x86_64-linux-gnu-as --with-ld=/usr/bin/x86_64-linux-gnu-ld --program-suffix=-7 --program-prefix=x86_64-linux-gnu- --enable-shared --enable-linker-build-id --libexecdir=/usr/lib --without-included-gettext --enable-threads=posix --libdir=/usr/lib --enable-nls --with-sysroot=/ --enable-clocale=gnu --enable-libstdcxx-debug --enable-libstdcxx-time=yes --with-default-libstdcxx-abi=new --enable-gnu-unique-object --disable-vtable-verify --enable-libmpx --enable-plugin --enable-default-pie --with-system-zlib --with-target-system-zlib --enable-objc-gc=auto --enable-multiarch --disable-werror --with-arch-32=i686 --with-abi=m64 --with-multilib-list=m32,m64,mx32 --enable-multilib --with-tune=generic --enable-offload-targets=nvptx-none --without-cuda-driver --enable-checking=release --build=x86_64-linux-gnu --host=x86_64-linux-gnu --target=x86_64-linux-gnu
Thread model: posix
gcc version 7.3.0 (Ubuntu 7.3.0-16ubuntu3) 
configure:13147: $? = 0
configure:13136: g++ -V >&5
g++: error: unrecognized command line option '-V'
g++: fatal error: no input files
compilation terminated.
configure:13147: $? = 1
configure:13136: g++ -qversion >&5
g++: error: unrecognized command line option '-qversion'; did you mean '--version'?
g++: fatal error: no input files
compilation terminated.
configure:13147: $? = 1
configure:13151: checking whether we are using the GNU C++ compiler
configure:13170: g++ -c   conftest.cpp >&5
configure:13170: $? = 0
configure:13179: result: yes
configure:13188: checking whether g++ accepts -g
configure:13208: g++ -c -g  conftest.cpp >&5
configure:13208: $? = 0
configure:13249: result: yes
configure:13274: checking dependency style of g++
configure:13385: result: gcc3
configure:13418: checking how to run the C++ preprocessor
configure:13445: g++ -E  conftest.cpp
configure:13445: $? = 0
configure:13459: g++ -E  conftest.cpp
conftest.cpp:23:10: fatal error: ac_nonexistent.h: No such file or directory
 #include <ac_nonexistent.h>
          ^~~~~~~~~~~~~~~~~~
compilation terminated.
configure:13459: $? = 1
configure: failed program was:
| /* confdefs.h */
| #define PACKAGE_NAME "hidapi"
| #define PACKAGE_TARNAME "hidapi"
| #define PACKAGE_VERSION "0.8.0-rc1"
| #define PACKAGE_STRING "hidapi 0.8.0-rc1"
| #define PACKAGE_BUGREPORT "alan@signal11.us"
| #define PACKAGE_URL ""
| #define PACKAGE "hidapi"
| #define VERSION "0.8.0-rc1"
| #define STDC_HEADERS 1
| #define HAVE_SYS_TYPES_H 1
| #define HAVE_SYS_STAT_H 1
| #define HAVE_STDLIB_H 1
| #define HAVE_STRING_H 1
| #define HAVE_MEMORY_H 1
| #define HAVE_STRINGS_H 1
| #define HAVE_INTTYPES_H 1
| #define HAVE_STDINT_H 1
| #define HAVE_UNISTD_H 1
| #define HAVE_DLFCN_H 1
| #define LT_OBJDIR ".libs/"
| /* end confdefs.h.  */
| #include <ac_nonexistent.h>
configure:13484: result: g++ -E
configure:13504: g++ -E  conftest.cpp
configure:13504: $? = 0
configure:13518: g++ -E  conftest.cpp
conftest.cpp:23:10: fatal error: ac_nonexistent.h: No such file or directory
 #include <ac_nonexistent.h>
          ^~~~~~~~~~~~~~~~~~
compilation terminated.
configure:13518: $? = 1
configure: failed program was:
| /* confdefs.h */
| #define PACKAGE_NAME "hidapi"
| #define PACKAGE_TARNAME "hidapi"
| #define PACKAGE_VERSION "0.8.0-rc1"
| #define PACKAGE_STRING "hidapi 0.8.0-rc1"
| #define PACKAGE_BUGREPORT "alan@signal11.us"
| #define PACKAGE_URL ""
| #define PACKAGE "hidapi"
| #define VERSION "0.8.0-rc1"
| #define STDC_HEADERS 1
| #define HAVE_SYS_TYPES_H 1
| #define HAVE_SYS_STAT_H 1
| #define HAVE_STDLIB_H 1
| #define HAVE_STRING_H 1
| #define HAVE_MEMORY_H 1
| #define HAVE_STRINGS_H 1
| #define HAVE_INTTYPES_H 1
| #define HAVE_STDINT_H 1
| #define HAVE_UNISTD_H 1
| #define HAVE_DLFCN_H 1
| #define LT_OBJDIR ".libs/"
| /* end confdefs.h.  */
| #include <ac_nonexistent.h>
configure:13680: checking for ld used by g++
configure:13747: result: /usr/bin/x86_64-linux-gnu-ld -m elf_x86_64
configure:13754: checking if the linker (/usr/bin/x86_64-linux-gnu-ld -m elf_x86_64) is GNU ld
configure:13769: result: yes
configure:13824: checking whether the g++ linker (/usr/bin/x86_64-linux-gnu-ld -m elf_x86_64) supports shared libraries
configure:14897: result: yes
configure:14933: g++ -c -g -O2  conftest.cpp >&5
configure:14936: $? = 0
configure:15417: checking for g++ option to produce PIC
configure:15424: result: -fPIC -DPIC
configure:15432: checking if g++ PIC flag -fPIC -DPIC works
configure:15450: g++ -c -g -O2  -fPIC -DPIC -DPIC conftest.cpp >&5
configure:15454: $? = 0
configure:15467: result: yes
configure:15490: checking if g++ static flag -static works
configure:15518: result: yes
configure:15530: checking if g++ supports -c -o file.o
configure:15551: g++ -c -g -O2  -o out/conftest2.o conftest.cpp >&5
configure:15555: $? = 0
configure:15577: result: yes
configure:15582: checking if g++ supports -c -o file.o
configure:15629: result: yes
configure:15659: checking whether the g++ linker (/usr/bin/x86_64-linux-gnu-ld -m elf_x86_64) supports shared libraries
configure:15702: result: yes
configure:15843: checking dynamic linker characteristics
configure:16600: result: GNU/Linux ld.so
configure:16665: checking how to hardcode library paths into programs
configure:16690: result: immediate
configure:16784: checking for gcc
configure:16800: found /usr/bin/gcc
configure:16811: result: gcc
configure:16836: checking for Objective C compiler version
configure:16845: gcc --version >&5
gcc (Ubuntu 7.3.0-16ubuntu3) 7.3.0
Copyright (C) 2017 Free Software Foundation, Inc.
This is free software; see the source for copying conditions.  There is NO
warranty; not even for MERCHANTABILITY or FITNESS FOR A PARTICULAR PURPOSE.

configure:16856: $? = 0
configure:16845: gcc -v >&5
Using built-in specs.
COLLECT_GCC=gcc
COLLECT_LTO_WRAPPER=/usr/lib/gcc/x86_64-linux-gnu/7/lto-wrapper
OFFLOAD_TARGET_NAMES=nvptx-none
OFFLOAD_TARGET_DEFAULT=1
Target: x86_64-linux-gnu
Configured with: ../src/configure -v --with-pkgversion='Ubuntu 7.3.0-16ubuntu3' --with-bugurl=file:///usr/share/doc/gcc-7/README.Bugs --enable-languages=c,ada,c++,go,brig,d,fortran,objc,obj-c++ --prefix=/usr --with-gcc-major-version-only --with-as=/usr/bin/x86_64-linux-gnu-as --with-ld=/usr/bin/x86_64-linux-gnu-ld --program-suffix=-7 --program-prefix=x86_64-linux-gnu- --enable-shared --enable-linker-build-id --libexecdir=/usr/lib --without-included-gettext --enable-threads=posix --libdir=/usr/lib --enable-nls --with-sysroot=/ --enable-clocale=gnu --enable-libstdcxx-debug --enable-libstdcxx-time=yes --with-default-libstdcxx-abi=new --enable-gnu-unique-object --disable-vtable-verify --enable-libmpx --enable-plugin --enable-default-pie --with-system-zlib --with-target-system-zlib --enable-objc-gc=auto --enable-multiarch --disable-werror --with-arch-32=i686 --with-abi=m64 --with-multilib-list=m32,m64,mx32 --enable-multilib --with-tune=generic --enable-offload-targets=nvptx-none --without-cuda-driver --enable-checking=release --build=x86_64-linux-gnu --host=x86_64-linux-gnu --target=x86_64-linux-gnu
Thread model: posix
gcc version 7.3.0 (Ubuntu 7.3.0-16ubuntu3) 
configure:16856: $? = 0
configure:16845: gcc -V >&5
gcc: error: unrecognized command line option '-V'
gcc: fatal error: no input files
compilation terminated.
configure:16856: $? = 1
configure:16845: gcc -qversion >&5
gcc: error: unrecognized command line option '-qversion'; did you mean '--version'?
gcc: fatal error: no input files
compilation terminated.
configure:16856: $? = 1
configure:16860: checking whether we are using the GNU Objective C compiler
configure:16879: gcc -c   conftest.m >&5
gcc: error trying to exec 'cc1obj': execvp: No such file or directory
configure:16879: $? = 1
configure: failed program was:
| /* confdefs.h */
| #define PACKAGE_NAME "hidapi"
| #define PACKAGE_TARNAME "hidapi"
| #define PACKAGE_VERSION "0.8.0-rc1"
| #define PACKAGE_STRING "hidapi 0.8.0-rc1"
| #define PACKAGE_BUGREPORT "alan@signal11.us"
| #define PACKAGE_URL ""
| #define PACKAGE "hidapi"
| #define VERSION "0.8.0-rc1"
| #define STDC_HEADERS 1
| #define HAVE_SYS_TYPES_H 1
| #define HAVE_SYS_STAT_H 1
| #define HAVE_STDLIB_H 1
| #define HAVE_STRING_H 1
| #define HAVE_MEMORY_H 1
| #define HAVE_STRINGS_H 1
| #define HAVE_INTTYPES_H 1
| #define HAVE_STDINT_H 1
| #define HAVE_UNISTD_H 1
| #define HAVE_DLFCN_H 1
| #define LT_OBJDIR ".libs/"
| /* end confdefs.h.  */
| 
| int
| main ()
| {
| #ifndef __GNUC__
|        choke me
| #endif
| 
|   ;
|   return 0;
| }
configure:16888: result: no
configure:16897: checking whether gcc accepts -g
configure:16917: gcc -c -g  conftest.m >&5
gcc: error trying to exec 'cc1obj': execvp: No such file or directory
configure:16917: $? = 1
configure: failed program was:
| /* confdefs.h */
| #define PACKAGE_NAME "hidapi"
| #define PACKAGE_TARNAME "hidapi"
| #define PACKAGE_VERSION "0.8.0-rc1"
| #define PACKAGE_STRING "hidapi 0.8.0-rc1"
| #define PACKAGE_BUGREPORT "alan@signal11.us"
| #define PACKAGE_URL ""
| #define PACKAGE "hidapi"
| #define VERSION "0.8.0-rc1"
| #define STDC_HEADERS 1
| #define HAVE_SYS_TYPES_H 1
| #define HAVE_SYS_STAT_H 1
| #define HAVE_STDLIB_H 1
| #define HAVE_STRING_H 1
| #define HAVE_MEMORY_H 1
| #define HAVE_STRINGS_H 1
| #define HAVE_INTTYPES_H 1
| #define HAVE_STDINT_H 1
| #define HAVE_UNISTD_H 1
| #define HAVE_DLFCN_H 1
| #define LT_OBJDIR ".libs/"
| /* end confdefs.h.  */
| 
| int
| main ()
| {
| 
|   ;
|   return 0;
| }
configure:16932: gcc -c   conftest.m >&5
gcc: error trying to exec 'cc1obj': execvp: No such file or directory
configure:16932: $? = 1
configure: failed program was:
| /* confdefs.h */
| #define PACKAGE_NAME "hidapi"
| #define PACKAGE_TARNAME "hidapi"
| #define PACKAGE_VERSION "0.8.0-rc1"
| #define PACKAGE_STRING "hidapi 0.8.0-rc1"
| #define PACKAGE_BUGREPORT "alan@signal11.us"
| #define PACKAGE_URL ""
| #define PACKAGE "hidapi"
| #define VERSION "0.8.0-rc1"
| #define STDC_HEADERS 1
| #define HAVE_SYS_TYPES_H 1
| #define HAVE_SYS_STAT_H 1
| #define HAVE_STDLIB_H 1
| #define HAVE_STRING_H 1
| #define HAVE_MEMORY_H 1
| #define HAVE_STRINGS_H 1
| #define HAVE_INTTYPES_H 1
| #define HAVE_STDINT_H 1
| #define HAVE_UNISTD_H 1
| #define HAVE_DLFCN_H 1
| #define LT_OBJDIR ".libs/"
| /* end confdefs.h.  */
| 
| int
| main ()
| {
| 
|   ;
|   return 0;
| }
configure:16948: gcc -c -g  conftest.m >&5
gcc: error trying to exec 'cc1obj': execvp: No such file or directory
configure:16948: $? = 1
configure: failed program was:
| /* confdefs.h */
| #define PACKAGE_NAME "hidapi"
| #define PACKAGE_TARNAME "hidapi"
| #define PACKAGE_VERSION "0.8.0-rc1"
| #define PACKAGE_STRING "hidapi 0.8.0-rc1"
| #define PACKAGE_BUGREPORT "alan@signal11.us"
| #define PACKAGE_URL ""
| #define PACKAGE "hidapi"
| #define VERSION "0.8.0-rc1"
| #define STDC_HEADERS 1
| #define HAVE_SYS_TYPES_H 1
| #define HAVE_SYS_STAT_H 1
| #define HAVE_STDLIB_H 1
| #define HAVE_STRING_H 1
| #define HAVE_MEMORY_H 1
| #define HAVE_STRINGS_H 1
| #define HAVE_INTTYPES_H 1
| #define HAVE_STDINT_H 1
| #define HAVE_UNISTD_H 1
| #define HAVE_DLFCN_H 1
| #define LT_OBJDIR ".libs/"
| /* end confdefs.h.  */
| 
| int
| main ()
| {
| 
|   ;
|   return 0;
| }
configure:16958: result: no
configure:16983: checking dependency style of gcc
configure:17092: result: gcc3
configure:17156: checking for pkg-config
configure:17174: found /usr/bin/pkg-config
configure:17186: result: /usr/bin/pkg-config
configure:17211: checking pkg-config is at least version 0.9.0
configure:17214: result: yes
configure:17236: checking whether make supports nested variables
configure:17253: result: yes
configure:17282: checking operating system
configure:17284: result: x86_64-pc-linux-gnu
configure:17288: result:  (Linux back-end)
configure:17301: checking for libudev
configure:17309: $PKG_CONFIG --exists --print-errors "libudev"
configure:17312: $? = 0
configure:17327: $PKG_CONFIG --exists --print-errors "libudev"
configure:17330: $? = 0
configure:17366: result: yes
configure:17374: checking for clock_gettime in -lrt
configure:17399: gcc -o conftest -g -O2   conftest.c -lrt   >&5
configure:17399: $? = 0
configure:17408: result: yes
configure:17418: checking for libusb
configure:17426: $PKG_CONFIG --exists --print-errors "libusb-1.0 >= 1.0.9"
configure:17429: $? = 0
configure:17444: $PKG_CONFIG --exists --print-errors "libusb-1.0 >= 1.0.9"
configure:17447: $? = 0
configure:17483: result: yes
configure:17862: checking for the pthreads library -lpthreads
configure:17900: gcc -o conftest -g -O2    conftest.c -lpthreads  >&5
/usr/bin/x86_64-linux-gnu-ld: cannot find -lpthreads
collect2: error: ld returned 1 exit status
configure:17900: $? = 1
configure: failed program was:
| /* confdefs.h */
| #define PACKAGE_NAME "hidapi"
| #define PACKAGE_TARNAME "hidapi"
| #define PACKAGE_VERSION "0.8.0-rc1"
| #define PACKAGE_STRING "hidapi 0.8.0-rc1"
| #define PACKAGE_BUGREPORT "alan@signal11.us"
| #define PACKAGE_URL ""
| #define PACKAGE "hidapi"
| #define VERSION "0.8.0-rc1"
| #define STDC_HEADERS 1
| #define HAVE_SYS_TYPES_H 1
| #define HAVE_SYS_STAT_H 1
| #define HAVE_STDLIB_H 1
| #define HAVE_STRING_H 1
| #define HAVE_MEMORY_H 1
| #define HAVE_STRINGS_H 1
| #define HAVE_INTTYPES_H 1
| #define HAVE_STDINT_H 1
| #define HAVE_UNISTD_H 1
| #define HAVE_DLFCN_H 1
| #define LT_OBJDIR ".libs/"
| #define OS_LINUX 1
| /* end confdefs.h.  */
| #include <pthread.h>
|                         static void routine(void *a) { a = 0; }
|                         static void *start_routine(void *a) { return a; }
| int
| main ()
| {
| pthread_t th; pthread_attr_t attr;
|                         pthread_create(&th, 0, start_routine, 0);
|                         pthread_join(th, 0);
|                         pthread_attr_init(&attr);
|                         pthread_cleanup_push(routine, 0);
|                         pthread_cleanup_pop(0) /* ; */
|   ;
|   return 0;
| }
configure:17909: result: no
configure:17807: checking whether pthreads work without any flags
configure:17900: gcc -o conftest -g -O2    conftest.c   >&5
/tmp/ccAN95fV.o: In function `main':
/home/trekker/openocd/openocd-0.9.0_maxim_update/hidapi/conftest.c:31: undefined reference to `pthread_create'
/home/trekker/openocd/openocd-0.9.0_maxim_update/hidapi/conftest.c:32: undefined reference to `pthread_join'
/home/trekker/openocd/openocd-0.9.0_maxim_update/hidapi/conftest.c:34: undefined reference to `__pthread_register_cancel'
/home/trekker/openocd/openocd-0.9.0_maxim_update/hidapi/conftest.c:35: undefined reference to `__pthread_unregister_cancel'
collect2: error: ld returned 1 exit status
configure:17900: $? = 1
configure: failed program was:
| /* confdefs.h */
| #define PACKAGE_NAME "hidapi"
| #define PACKAGE_TARNAME "hidapi"
| #define PACKAGE_VERSION "0.8.0-rc1"
| #define PACKAGE_STRING "hidapi 0.8.0-rc1"
| #define PACKAGE_BUGREPORT "alan@signal11.us"
| #define PACKAGE_URL ""
| #define PACKAGE "hidapi"
| #define VERSION "0.8.0-rc1"
| #define STDC_HEADERS 1
| #define HAVE_SYS_TYPES_H 1
| #define HAVE_SYS_STAT_H 1
| #define HAVE_STDLIB_H 1
| #define HAVE_STRING_H 1
| #define HAVE_MEMORY_H 1
| #define HAVE_STRINGS_H 1
| #define HAVE_INTTYPES_H 1
| #define HAVE_STDINT_H 1
| #define HAVE_UNISTD_H 1
| #define HAVE_DLFCN_H 1
| #define LT_OBJDIR ".libs/"
| #define OS_LINUX 1
| /* end confdefs.h.  */
| #include <pthread.h>
|                         static void routine(void *a) { a = 0; }
|                         static void *start_routine(void *a) { return a; }
| int
| main ()
| {
| pthread_t th; pthread_attr_t attr;
|                         pthread_create(&th, 0, start_routine, 0);
|                         pthread_join(th, 0);
|                         pthread_attr_init(&attr);
|                         pthread_cleanup_push(routine, 0);
|                         pthread_cleanup_pop(0) /* ; */
|   ;
|   return 0;
| }
configure:17909: result: no
configure:17812: checking whether pthreads work with -Kthread
configure:17900: gcc -o conftest -g -O2 -Kthread   conftest.c   >&5
gcc: error: unrecognized command line option '-Kthread'; did you mean '-pthread'?
configure:17900: $? = 1
configure: failed program was:
| /* confdefs.h */
| #define PACKAGE_NAME "hidapi"
| #define PACKAGE_TARNAME "hidapi"
| #define PACKAGE_VERSION "0.8.0-rc1"
| #define PACKAGE_STRING "hidapi 0.8.0-rc1"
| #define PACKAGE_BUGREPORT "alan@signal11.us"
| #define PACKAGE_URL ""
| #define PACKAGE "hidapi"
| #define VERSION "0.8.0-rc1"
| #define STDC_HEADERS 1
| #define HAVE_SYS_TYPES_H 1
| #define HAVE_SYS_STAT_H 1
| #define HAVE_STDLIB_H 1
| #define HAVE_STRING_H 1
| #define HAVE_MEMORY_H 1
| #define HAVE_STRINGS_H 1
| #define HAVE_INTTYPES_H 1
| #define HAVE_STDINT_H 1
| #define HAVE_UNISTD_H 1
| #define HAVE_DLFCN_H 1
| #define LT_OBJDIR ".libs/"
| #define OS_LINUX 1
| /* end confdefs.h.  */
| #include <pthread.h>
|                         static void routine(void *a) { a = 0; }
|                         static void *start_routine(void *a) { return a; }
| int
| main ()
| {
| pthread_t th; pthread_attr_t attr;
|                         pthread_create(&th, 0, start_routine, 0);
|                         pthread_join(th, 0);
|                         pthread_attr_init(&attr);
|                         pthread_cleanup_push(routine, 0);
|                         pthread_cleanup_pop(0) /* ; */
|   ;
|   return 0;
| }
configure:17909: result: no
configure:17812: checking whether pthreads work with -kthread
configure:17900: gcc -o conftest -g -O2 -kthread   conftest.c   >&5
gcc: error: unrecognized command line option '-kthread'; did you mean '-pthread'?
configure:17900: $? = 1
configure: failed program was:
| /* confdefs.h */
| #define PACKAGE_NAME "hidapi"
| #define PACKAGE_TARNAME "hidapi"
| #define PACKAGE_VERSION "0.8.0-rc1"
| #define PACKAGE_STRING "hidapi 0.8.0-rc1"
| #define PACKAGE_BUGREPORT "alan@signal11.us"
| #define PACKAGE_URL ""
| #define PACKAGE "hidapi"
| #define VERSION "0.8.0-rc1"
| #define STDC_HEADERS 1
| #define HAVE_SYS_TYPES_H 1
| #define HAVE_SYS_STAT_H 1
| #define HAVE_STDLIB_H 1
| #define HAVE_STRING_H 1
| #define HAVE_MEMORY_H 1
| #define HAVE_STRINGS_H 1
| #define HAVE_INTTYPES_H 1
| #define HAVE_STDINT_H 1
| #define HAVE_UNISTD_H 1
| #define HAVE_DLFCN_H 1
| #define LT_OBJDIR ".libs/"
| #define OS_LINUX 1
| /* end confdefs.h.  */
| #include <pthread.h>
|                         static void routine(void *a) { a = 0; }
|                         static void *start_routine(void *a) { return a; }
| int
| main ()
| {
| pthread_t th; pthread_attr_t attr;
|                         pthread_create(&th, 0, start_routine, 0);
|                         pthread_join(th, 0);
|                         pthread_attr_init(&attr);
|                         pthread_cleanup_push(routine, 0);
|                         pthread_cleanup_pop(0) /* ; */
|   ;
|   return 0;
| }
configure:17909: result: no
configure:17862: checking for the pthreads library -llthread
configure:17900: gcc -o conftest -g -O2    conftest.c -llthread  >&5
/usr/bin/x86_64-linux-gnu-ld: cannot find -llthread
collect2: error: ld returned 1 exit status
configure:17900: $? = 1
configure: failed program was:
| /* confdefs.h */
| #define PACKAGE_NAME "hidapi"
| #define PACKAGE_TARNAME "hidapi"
| #define PACKAGE_VERSION "0.8.0-rc1"
| #define PACKAGE_STRING "hidapi 0.8.0-rc1"
| #define PACKAGE_BUGREPORT "alan@signal11.us"
| #define PACKAGE_URL ""
| #define PACKAGE "hidapi"
| #define VERSION "0.8.0-rc1"
| #define STDC_HEADERS 1
| #define HAVE_SYS_TYPES_H 1
| #define HAVE_SYS_STAT_H 1
| #define HAVE_STDLIB_H 1
| #define HAVE_STRING_H 1
| #define HAVE_MEMORY_H 1
| #define HAVE_STRINGS_H 1
| #define HAVE_INTTYPES_H 1
| #define HAVE_STDINT_H 1
| #define HAVE_UNISTD_H 1
| #define HAVE_DLFCN_H 1
| #define LT_OBJDIR ".libs/"
| #define OS_LINUX 1
| /* end confdefs.h.  */
| #include <pthread.h>
|                         static void routine(void *a) { a = 0; }
|                         static void *start_routine(void *a) { return a; }
| int
| main ()
| {
| pthread_t th; pthread_attr_t attr;
|                         pthread_create(&th, 0, start_routine, 0);
|                         pthread_join(th, 0);
|                         pthread_attr_init(&attr);
|                         pthread_cleanup_push(routine, 0);
|                         pthread_cleanup_pop(0) /* ; */
|   ;
|   return 0;
| }
configure:17909: result: no
configure:17812: checking whether pthreads work with -pthread
configure:17900: gcc -o conftest -g -O2 -pthread   conftest.c   >&5
configure:17900: $? = 0
configure:17909: result: yes
configure:17928: checking for joinable pthread attribute
configure:17943: gcc -o conftest -g -O2 -pthread   conftest.c   >&5
configure:17943: $? = 0
configure:17949: result: PTHREAD_CREATE_JOINABLE
configure:17959: checking if more special flags are required for pthreads
configure:17973: result: no
configure:17979: checking for PTHREAD_PRIO_INHERIT
configure:17997: gcc -o conftest -g -O2 -pthread   conftest.c   >&5
configure:17997: $? = 0
configure:18006: result: yes
configure:18617: checking that generated files are newer than configure
configure:18623: result: done
configure:18682: creating ./config.status

## ---------------------- ##
## Running config.status. ##
## ---------------------- ##

This file was extended by hidapi config.status 0.8.0-rc1, which was
generated by GNU Autoconf 2.69.  Invocation command line was

  CONFIG_FILES    = 
  CONFIG_HEADERS  = 
  CONFIG_LINKS    = 
  CONFIG_COMMANDS = 
  $ ./config.status 

on jerry-dell-64

config.status:1201: creating pc/hidapi-hidraw.pc
config.status:1201: creating pc/hidapi-libusb.pc
config.status:1201: creating Makefile
config.status:1201: creating hidtest/Makefile
config.status:1201: creating libusb/Makefile
config.status:1201: creating linux/Makefile
config.status:1201: creating mac/Makefile
config.status:1201: creating testgui/Makefile
config.status:1201: creating windows/Makefile
config.status:1201: creating config.h
config.status:1430: executing depfiles commands
config.status:1430: executing libtool commands

## ---------------- ##
## Cache variables. ##
## ---------------- ##

ac_cv_build=x86_64-pc-linux-gnu
ac_cv_c_compiler_gnu=yes
ac_cv_cxx_compiler_gnu=yes
ac_cv_env_CCC_set=
ac_cv_env_CCC_value=
ac_cv_env_CC_set=
ac_cv_env_CC_value=
ac_cv_env_CFLAGS_set=
ac_cv_env_CFLAGS_value=
ac_cv_env_CPPFLAGS_set=
ac_cv_env_CPPFLAGS_value=
ac_cv_env_CPP_set=
ac_cv_env_CPP_value=
ac_cv_env_CXXCPP_set=
ac_cv_env_CXXCPP_value=
ac_cv_env_CXXFLAGS_set=
ac_cv_env_CXXFLAGS_value=
ac_cv_env_CXX_set=
ac_cv_env_CXX_value=
ac_cv_env_LDFLAGS_set=
ac_cv_env_LDFLAGS_value=
ac_cv_env_LIBS_set=
ac_cv_env_LIBS_value=
ac_cv_env_LT_SYS_LIBRARY_PATH_set=
ac_cv_env_LT_SYS_LIBRARY_PATH_value=
ac_cv_env_OBJCFLAGS_set=
ac_cv_env_OBJCFLAGS_value=
ac_cv_env_OBJC_set=
ac_cv_env_OBJC_value=
ac_cv_env_PKG_CONFIG_set=
ac_cv_env_PKG_CONFIG_value=
ac_cv_env_build_alias_set=
ac_cv_env_build_alias_value=
ac_cv_env_fox_CFLAGS_set=
ac_cv_env_fox_CFLAGS_value=
ac_cv_env_fox_LIBS_set=
ac_cv_env_fox_LIBS_value=
ac_cv_env_host_alias_set=
ac_cv_env_host_alias_value=
ac_cv_env_libudev_CFLAGS_set=
ac_cv_env_libudev_CFLAGS_value=
ac_cv_env_libudev_LIBS_set=
ac_cv_env_libudev_LIBS_value=
ac_cv_env_libusb_CFLAGS_set=
ac_cv_env_libusb_CFLAGS_value=
ac_cv_env_libusb_LIBS_set=
ac_cv_env_libusb_LIBS_value=
ac_cv_env_target_alias_set=
ac_cv_env_target_alias_value=
ac_cv_header_dlfcn_h=yes
ac_cv_header_inttypes_h=yes
ac_cv_header_memory_h=yes
ac_cv_header_stdc=yes
ac_cv_header_stdint_h=yes
ac_cv_header_stdlib_h=yes
ac_cv_header_string_h=yes
ac_cv_header_strings_h=yes
ac_cv_header_sys_stat_h=yes
ac_cv_header_sys_types_h=yes
ac_cv_header_unistd_h=yes
ac_cv_host=x86_64-pc-linux-gnu
ac_cv_lib_rt_clock_gettime=yes
ac_cv_objc_compiler_gnu=no
ac_cv_objext=o
ac_cv_path_EGREP='/bin/grep -E'
ac_cv_path_FGREP='/bin/grep -F'
ac_cv_path_GREP=/bin/grep
ac_cv_path_SED=/bin/sed
ac_cv_path_ac_pt_PKG_CONFIG=/usr/bin/pkg-config
ac_cv_path_install='/usr/bin/install -c'
ac_cv_path_lt_DD=/bin/dd
ac_cv_path_mkdir=/bin/mkdir
ac_cv_prog_AWK=mawk
ac_cv_prog_CPP='gcc -E'
ac_cv_prog_CXXCPP='g++ -E'
ac_cv_prog_ac_ct_AR=ar
ac_cv_prog_ac_ct_CC=gcc
ac_cv_prog_ac_ct_CXX=g++
ac_cv_prog_ac_ct_MANIFEST_TOOL=mt
ac_cv_prog_ac_ct_OBJC=gcc
ac_cv_prog_ac_ct_OBJDUMP=objdump
ac_cv_prog_ac_ct_RANLIB=ranlib
ac_cv_prog_ac_ct_STRIP=strip
ac_cv_prog_cc_c89=
ac_cv_prog_cc_g=yes
ac_cv_prog_cxx_g=yes
ac_cv_prog_make_make_set=yes
ac_cv_prog_objc_g=no
am_cv_CC_dependencies_compiler_type=gcc3
am_cv_CXX_dependencies_compiler_type=gcc3
am_cv_OBJC_dependencies_compiler_type=gcc3
am_cv_ar_interface=ar
am_cv_make_support_nested_variables=yes
am_cv_prog_cc_c_o=yes
ax_cv_PTHREAD_PRIO_INHERIT=yes
lt_cv_ar_at_file=@
lt_cv_archive_cmds_need_lc=no
lt_cv_deplibs_check_method=pass_all
lt_cv_file_magic_cmd='$MAGIC_CMD'
lt_cv_file_magic_test_file=
lt_cv_ld_reload_flag=-r
lt_cv_nm_interface='BSD nm'
lt_cv_objdir=.libs
lt_cv_path_LD=/usr/bin/x86_64-linux-gnu-ld
lt_cv_path_LDCXX='/usr/bin/x86_64-linux-gnu-ld -m elf_x86_64'
lt_cv_path_NM='/usr/bin/nm -B'
lt_cv_path_mainfest_tool=no
lt_cv_prog_compiler_c_o=yes
lt_cv_prog_compiler_c_o_CXX=yes
lt_cv_prog_compiler_pic='-fPIC -DPIC'
lt_cv_prog_compiler_pic_CXX='-fPIC -DPIC'
lt_cv_prog_compiler_pic_works=yes
lt_cv_prog_compiler_pic_works_CXX=yes
lt_cv_prog_compiler_rtti_exceptions=no
lt_cv_prog_compiler_static_works=yes
lt_cv_prog_compiler_static_works_CXX=yes
lt_cv_prog_gnu_ld=yes
lt_cv_prog_gnu_ldcxx=yes
lt_cv_sharedlib_from_linklib_cmd='printf %s\n'
lt_cv_shlibpath_overrides_runpath=yes
lt_cv_sys_global_symbol_pipe='sed -n -e '\''s/^.*[	 ]\([ABCDGIRSTW][ABCDGIRSTW]*\)[	 ][	 ]*\([_A-Za-z][_A-Za-z0-9]*\)$/\1 \2 \2/p'\'' | sed '\''/ __gnu_lto/d'\'''
lt_cv_sys_global_symbol_to_c_name_address='sed -n -e '\''s/^: \(.*\) .*$/  {"\1", (void *) 0},/p'\'' -e '\''s/^[ABCDGIRSTW][ABCDGIRSTW]* .* \(.*\)$/  {"\1", (void *) \&\1},/p'\'''
lt_cv_sys_global_symbol_to_c_name_address_lib_prefix='sed -n -e '\''s/^: \(.*\) .*$/  {"\1", (void *) 0},/p'\'' -e '\''s/^[ABCDGIRSTW][ABCDGIRSTW]* .* \(lib.*\)$/  {"\1", (void *) \&\1},/p'\'' -e '\''s/^[ABCDGIRSTW][ABCDGIRSTW]* .* \(.*\)$/  {"lib\1", (void *) \&\1},/p'\'''
lt_cv_sys_global_symbol_to_cdecl='sed -n -e '\''s/^T .* \(.*\)$/extern int \1();/p'\'' -e '\''s/^[ABCDGIRSTW][ABCDGIRSTW]* .* \(.*\)$/extern char \1;/p'\'''
lt_cv_sys_global_symbol_to_import=
lt_cv_sys_max_cmd_len=1572864
lt_cv_to_host_file_cmd=func_convert_file_noop
lt_cv_to_tool_file_cmd=func_convert_file_noop
lt_cv_truncate_bin='/bin/dd bs=4096 count=1'
pkg_cv_libudev_CFLAGS=
pkg_cv_libudev_LIBS=-ludev
pkg_cv_libusb_CFLAGS=-I/usr/include/libusb-1.0
pkg_cv_libusb_LIBS=-lusb-1.0

## ----------------- ##
## Output variables. ##
## ----------------- ##

ACLOCAL='${SHELL} /home/trekker/openocd/openocd-0.9.0_maxim_update/missing aclocal-1.15'
AMDEPBACKSLASH='\'
AMDEP_FALSE='#'
AMDEP_TRUE=''
AMTAR='$${TAR-tar}'
AM_BACKSLASH='\'
AM_DEFAULT_V='$(AM_DEFAULT_VERBOSITY)'
AM_DEFAULT_VERBOSITY='0'
AM_V='$(V)'
AR='ar'
AUTOCONF='${SHELL} /home/trekker/openocd/openocd-0.9.0_maxim_update/missing autoconf'
AUTOHEADER='${SHELL} /home/trekker/openocd/openocd-0.9.0_maxim_update/missing autoheader'
AUTOMAKE='${SHELL} /home/trekker/openocd/openocd-0.9.0_maxim_update/missing automake-1.15'
AWK='mawk'
BUILD_TESTGUI_FALSE=''
BUILD_TESTGUI_TRUE='#'
CC='gcc'
CCDEPMODE='depmode=gcc3'
CFLAGS='-g -O2'
CFLAGS_HIDRAW=' '
CFLAGS_LIBUSB=' -I/usr/include/libusb-1.0 -pthread'
CFLAGS_TESTGUI=''
CPP='gcc -E'
CPPFLAGS=''
CXX='g++'
CXXCPP='g++ -E'
CXXDEPMODE='depmode=gcc3'
CXXFLAGS='-g -O2'
CYGPATH_W='echo'
DEFS='-DHAVE_CONFIG_H'
DEPDIR='.deps'
DLLTOOL='false'
DSYMUTIL=''
DUMPBIN=''
ECHO_C=''
ECHO_N='-n'
ECHO_T=''
EGREP='/bin/grep -E'
EXEEXT=''
FGREP='/bin/grep -F'
GREP='/bin/grep'
INSTALL_DATA='${INSTALL} -m 644'
INSTALL_PROGRAM='${INSTALL}'
INSTALL_SCRIPT='${INSTALL}'
INSTALL_STRIP_PROGRAM='$(install_sh) -c -s'
LD='/usr/bin/x86_64-linux-gnu-ld -m elf_x86_64'
LDFLAGS=''
LIBOBJS=''
LIBS=''
LIBS_HIDRAW='  -ludev'
LIBS_LIBUSB='   -lrt -lusb-1.0'
LIBS_TESTGUI=''
LIBTOOL='$(SHELL) $(top_builddir)/libtool'
LIPO=''
LN_S='ln -s'
LTLDFLAGS='-version-info 0:0:0'
LTLIBOBJS=''
LT_SYS_LIBRARY_PATH=''
MAKEINFO='${SHELL} /home/trekker/openocd/openocd-0.9.0_maxim_update/missing makeinfo'
MANIFEST_TOOL=':'
MKDIR_P='/bin/mkdir -p'
NM='/usr/bin/nm -B'
NMEDIT=''
OBJC='gcc'
OBJCDEPMODE='depmode=gcc3'
OBJCFLAGS=''
OBJDUMP='objdump'
OBJEXT='o'
OS_DARWIN=''
OS_DARWIN_FALSE=''
OS_DARWIN_TRUE='#'
OS_FREEBSD=''
OS_FREEBSD_FALSE=''
OS_FREEBSD_TRUE='#'
OS_KFREEBSD=''
OS_KFREEBSD_FALSE=''
OS_KFREEBSD_TRUE='#'
OS_LINUX=''
OS_LINUX_FALSE='#'
OS_LINUX_TRUE=''
OS_WINDOWS=''
OS_WINDOWS_FALSE=''
OS_WINDOWS_TRUE='#'
OTOOL64=''
OTOOL=''
PACKAGE='hidapi'
PACKAGE_BUGREPORT='alan@signal11.us'
PACKAGE_NAME='hidapi'
PACKAGE_STRING='hidapi 0.8.0-rc1'
PACKAGE_TARNAME='hidapi'
PACKAGE_URL=''
PACKAGE_VERSION='0.8.0-rc1'
PATH_SEPARATOR=':'
PKG_CONFIG='/usr/bin/pkg-config'
PTHREAD_CC='gcc'
PTHREAD_CFLAGS='-pthread'
PTHREAD_LIBS=''
RANLIB='ranlib'
SED='/bin/sed'
SET_MAKE=''
SHELL='/bin/bash'
STRIP='strip'
VERSION='0.8.0-rc1'
ac_ct_AR='ar'
ac_ct_CC='gcc'
ac_ct_CXX='g++'
ac_ct_DUMPBIN=''
ac_ct_OBJC='gcc'
am__EXEEXT_FALSE=''
am__EXEEXT_TRUE='#'
am__fastdepCC_FALSE='#'
am__fastdepCC_TRUE=''
am__fastdepCXX_FALSE='#'
am__fastdepCXX_TRUE=''
am__fastdepOBJC_FALSE='#'
am__fastdepOBJC_TRUE=''
am__include='include'
am__isrc=''
am__leading_dot='.'
am__nodep='_no'
am__quote=''
am__tar='$${TAR-tar} chof - "$$tardir"'
am__untar='$${TAR-tar} xf -'
ax_pthread_config=''
backend='linux'
bindir='${exec_prefix}/bin'
build='x86_64-pc-linux-gnu'
build_alias=''
build_cpu='x86_64'
build_os='linux-gnu'
build_vendor='pc'
datadir='${datarootdir}'
datarootdir='${prefix}/share'
docdir='${datarootdir}/doc/${PACKAGE_TARNAME}'
dvidir='${docdir}'
exec_prefix='${prefix}'
fox_CFLAGS=''
fox_LIBS=''
foxconfig=''
host='x86_64-pc-linux-gnu'
host_alias=''
host_cpu='x86_64'
host_os='linux-gnu'
host_vendor='pc'
htmldir='${docdir}'
includedir='${prefix}/include'
infodir='${datarootdir}/info'
install_sh='${SHELL} /home/trekker/openocd/openocd-0.9.0_maxim_update/install-sh'
libdir='${exec_prefix}/lib'
libexecdir='${exec_prefix}/libexec'
libudev_CFLAGS=''
libudev_LIBS='-ludev'
libusb_CFLAGS='-I/usr/include/libusb-1.0'
libusb_LIBS='-lusb-1.0'
localedir='${datarootdir}/locale'
localstatedir='${prefix}/var'
mandir='${datarootdir}/man'
mkdir_p='$(MKDIR_P)'
oldincludedir='/usr/include'
pdfdir='${docdir}'
prefix='/usr/local'
program_transform_name='s,x,x,'
psdir='${docdir}'
runstatedir='${localstatedir}/run'
sbindir='${exec_prefix}/sbin'
sharedstatedir='${prefix}/com'
sysconfdir='${prefix}/etc'
target_alias=''

## ----------- ##
## confdefs.h. ##
## ----------- ##

/* confdefs.h */
#define PACKAGE_NAME "hidapi"
#define PACKAGE_TARNAME "hidapi"
#define PACKAGE_VERSION "0.8.0-rc1"
#define PACKAGE_STRING "hidapi 0.8.0-rc1"
#define PACKAGE_BUGREPORT "alan@signal11.us"
#define PACKAGE_URL ""
#define PACKAGE "hidapi"
#define VERSION "0.8.0-rc1"
#define STDC_HEADERS 1
#define HAVE_SYS_TYPES_H 1
#define HAVE_SYS_STAT_H 1
#define HAVE_STDLIB_H 1
#define HAVE_STRING_H 1
#define HAVE_MEMORY_H 1
#define HAVE_STRINGS_H 1
#define HAVE_INTTYPES_H 1
#define HAVE_STDINT_H 1
#define HAVE_UNISTD_H 1
#define HAVE_DLFCN_H 1
#define LT_OBJDIR ".libs/"
#define OS_LINUX 1
#define HAVE_PTHREAD_PRIO_INHERIT 1

configure: exit 0
